This is pdfTeX, Version 3.14159265-2.6-1.40.21 (MiKTeX 2.9.7440 64-bit) (preloaded format=pdflatex 2020.11.24)  13 FEB 2021 19:33
entering extended mode
**./BeautifulGraphs-Npde-v3.tex
(BeautifulGraphs-Npde-v3.tex
LaTeX2e <2020-02-02> patch level 5
L3 programming layer <2020-05-15>
("C:\Users\Romai\AppData\Local\Programs\MiKTeX 2.9\tex/latex/base\report.cls"
Document Class: report 2019/12/20 v1.4l Standard LaTeX document class
("C:\Users\Romai\AppData\Local\Programs\MiKTeX 2.9\tex/latex/base\size10.clo"
File: size10.clo 2019/12/20 v1.4l Standard LaTeX file (size option)
)
\c@part=\count167
\c@chapter=\count168
\c@section=\count169
\c@subsection=\count170
\c@subsubsection=\count171
\c@paragraph=\count172
\c@subparagraph=\count173
\c@figure=\count174
\c@table=\count175
\abovecaptionskip=\skip47
\belowcaptionskip=\skip48
\bibindent=\dimen134
) ("C:\Users\Romai\AppData\Local\Programs\MiKTeX 2.9\tex/latex/base\inputenc.st
y"
Package: inputenc 2018/08/11 v1.3c Input encoding file
\inpenc@prehook=\toks15
\inpenc@posthook=\toks16
) ("C:\Users\Romai\AppData\Local\Programs\MiKTeX 2.9\tex/latex/base\fontenc.sty
"
Package: fontenc 2020/02/11 v2.0o Standard LaTeX package
)
("C:\Users\Romai\AppData\Local\Programs\MiKTeX 2.9\tex/latex/anysize\anysize.st
y"
Package: anysize 1994/08/13 setting margin sizes

document style option `anysize' loaded
Michael Salzenberg, Thomas Esser, Dirk Hillbrecht
Version 1.0, Aug 13, 1994
\@Leftmargin=\dimen135
\@Rightmargin=\dimen136
\@Topmargin=\dimen137
\@Bottommargin=\dimen138
)
("C:\Users\Romai\AppData\Local\Programs\MiKTeX 2.9\tex/latex/siunitx\siunitx.st
y"
("C:\Users\Romai\AppData\Local\Programs\MiKTeX 2.9\tex/latex/l3kernel\expl3.sty
"
Package: expl3 2020-05-15 L3 programming layer (loader) 

("C:\Users\Romai\AppData\Local\Programs\MiKTeX 2.9\tex/latex/l3backend\l3backen
d-pdfmode.def"
File: l3backend-pdfmode.def 2020-05-05 L3 backend support: PDF mode
\l__kernel_color_stack_int=\count176
\l__pdf_internal_box=\box45
))
("C:\Users\Romai\AppData\Local\Programs\MiKTeX 2.9\tex/latex/l3packages/xparse\
xparse.sty"
Package: xparse 2020-05-15 L3 Experimental document command parser

("C:\Users\Romai\AppData\Local\Programs\MiKTeX 2.9\tex/latex/l3packages/xparse\
xparse-generic.tex"
\l__xparse_current_arg_int=\count177
\g__xparse_grabber_int=\count178
\l__xparse_m_args_int=\count179
\l__xparse_v_nesting_int=\count180
))
Package: siunitx 2020/02/25 v2.8b A comprehensive (SI) units package

("C:\Users\Romai\AppData\Local\Programs\MiKTeX 2.9\tex/latex/amsmath\amstext.st
y"
Package: amstext 2000/06/29 v2.01 AMS text

("C:\Users\Romai\AppData\Local\Programs\MiKTeX 2.9\tex/latex/amsmath\amsgen.sty
"
File: amsgen.sty 1999/11/30 v2.0 generic functions
\@emptytoks=\toks17
\ex@=\dimen139
)) ("C:\Users\Romai\AppData\Local\Programs\MiKTeX 2.9\tex/latex/tools\array.sty
"
Package: array 2019/08/31 v2.4l Tabular extension package (FMi)
\col@sep=\dimen140
\ar@mcellbox=\box46
\extrarowheight=\dimen141
\NC@list=\toks18
\extratabsurround=\skip49
\backup@length=\skip50
\ar@cellbox=\box47
)
("C:\Users\Romai\AppData\Local\Programs\MiKTeX 2.9\tex/latex/l3packages/l3keys2
e\l3keys2e.sty"
Package: l3keys2e 2020-05-15 LaTeX2e option processing using LaTeX3 keys
)
\l__siunitx_tmp_box=\box48
\l__siunitx_tmp_dim=\dimen142
\l__siunitx_tmp_int=\count181
\l__siunitx_number_mantissa_length_int=\count182
\l__siunitx_number_uncert_length_int=\count183
\l__siunitx_round_int=\count184
\l__siunitx_process_decimal_int=\count185
\l__siunitx_process_uncertainty_int=\count186
\l__siunitx_process_fixed_int=\count187
\l__siunitx_process_integer_min_int=\count188
\l__siunitx_process_precision_int=\count189
\l__siunitx_group_min_int=\count190
\l__siunitx_angle_marker_box=\box49
\l__siunitx_angle_unit_box=\box50
\l__siunitx_angle_marker_dim=\dimen143
\l__siunitx_angle_unit_dim=\dimen144
\l__siunitx_unit_int=\count191
\l__siunitx_unit_denominator_int=\count192
\l__siunitx_unit_numerator_int=\count193
\l__siunitx_unit_prefix_int=\count194
\l__siunitx_unit_prefix_base_int=\count195
\l__siunitx_unit_prefix_gram_int=\count196
\l__siunitx_number_product_int=\count197
\c__siunitx_one_fill_skip=\skip51
\l__siunitx_table_unit_align_skip=\skip52
\l__siunitx_table_exponent_dim=\dimen145
\l__siunitx_table_integer_dim=\dimen146
\l__siunitx_table_mantissa_dim=\dimen147
\l__siunitx_table_marker_dim=\dimen148
\l__siunitx_table_result_dim=\dimen149
\l__siunitx_table_uncert_dim=\dimen150
\l__siunitx_table_fill_pre_dim=\dimen151
\l__siunitx_table_fill_post_dim=\dimen152
\l__siunitx_table_fill_mid_dim=\dimen153
\l__siunitx_table_pre_box=\box51
\l__siunitx_table_post_box=\box52
\l__siunitx_table_mantissa_box=\box53
\l__siunitx_table_result_box=\box54
\l__siunitx_table_number_align_skip=\skip53
\l__siunitx_table_text_align_skip=\skip54

("C:\Users\Romai\AppData\Local\Programs\MiKTeX 2.9\tex/latex/translator\transla
tor.sty"
Package: translator 2019-05-31 v1.12a Easy translation of strings in LaTeX

("C:\Users\Romai\AppData\Local\Programs\MiKTeX 2.9\tex/latex/graphics\keyval.st
y"
Package: keyval 2014/10/28 v1.15 key=value parser (DPC)
\KV@toks@=\toks19
)))
("C:\Users\Romai\AppData\Local\Programs\MiKTeX 2.9\tex/latex/tools\longtable.st
y"
Package: longtable 2020/01/07 v4.13 Multi-page Table package (DPC)
\LTleft=\skip55
\LTright=\skip56
\LTpre=\skip57
\LTpost=\skip58
\LTchunksize=\count198
\LTcapwidth=\dimen154
\LT@head=\box55
\LT@firsthead=\box56
\LT@foot=\box57
\LT@lastfoot=\box58
\LT@cols=\count199
\LT@rows=\count266
\c@LT@tables=\count267
\c@LT@chunks=\count268
\LT@p@ftn=\toks20
)
("C:\Users\Romai\AppData\Local\Programs\MiKTeX 2.9\tex/latex/fancyhdr\fancyhdr.
sty"
Package: fancyhdr 2019/01/31 v3.10 Extensive control of page headers and footer
s
\f@nch@headwidth=\skip59
\f@nch@O@elh=\skip60
\f@nch@O@erh=\skip61
\f@nch@O@olh=\skip62
\f@nch@O@orh=\skip63
\f@nch@O@elf=\skip64
\f@nch@O@erf=\skip65
\f@nch@O@olf=\skip66
\f@nch@O@orf=\skip67
)
("C:\Users\Romai\AppData\Local\Programs\MiKTeX 2.9\tex/latex/amsmath\amsmath.st
y"
Package: amsmath 2020/01/20 v2.17e AMS math features
\@mathmargin=\skip68

For additional information on amsmath, use the `?' option.
("C:\Users\Romai\AppData\Local\Programs\MiKTeX 2.9\tex/latex/amsmath\amsbsy.sty
"
Package: amsbsy 1999/11/29 v1.2d Bold Symbols
\pmbraise@=\dimen155
)
("C:\Users\Romai\AppData\Local\Programs\MiKTeX 2.9\tex/latex/amsmath\amsopn.sty
"
Package: amsopn 2016/03/08 v2.02 operator names
)
\inf@bad=\count269
LaTeX Info: Redefining \frac on input line 227.
\uproot@=\count270
\leftroot@=\count271
LaTeX Info: Redefining \overline on input line 389.
\classnum@=\count272
\DOTSCASE@=\count273
LaTeX Info: Redefining \ldots on input line 486.
LaTeX Info: Redefining \dots on input line 489.
LaTeX Info: Redefining \cdots on input line 610.
\Mathstrutbox@=\box59
\strutbox@=\box60
\big@size=\dimen156
LaTeX Font Info:    Redeclaring font encoding OML on input line 733.
LaTeX Font Info:    Redeclaring font encoding OMS on input line 734.
\macc@depth=\count274
\c@MaxMatrixCols=\count275
\dotsspace@=\muskip16
\c@parentequation=\count276
\dspbrk@lvl=\count277
\tag@help=\toks21
\row@=\count278
\column@=\count279
\maxfields@=\count280
\andhelp@=\toks22
\eqnshift@=\dimen157
\alignsep@=\dimen158
\tagshift@=\dimen159
\tagwidth@=\dimen160
\totwidth@=\dimen161
\lineht@=\dimen162
\@envbody=\toks23
\multlinegap=\skip69
\multlinetaggap=\skip70
\mathdisplay@stack=\toks24
LaTeX Info: Redefining \[ on input line 2859.
LaTeX Info: Redefining \] on input line 2860.
)
("C:\Users\Romai\AppData\Local\Programs\MiKTeX 2.9\tex/latex/amsfonts\amsfonts.
sty"
Package: amsfonts 2013/01/14 v3.01 Basic AMSFonts support
\symAMSa=\mathgroup4
\symAMSb=\mathgroup5
LaTeX Font Info:    Redeclaring math symbol \hbar on input line 98.
LaTeX Font Info:    Overwriting math alphabet `\mathfrak' in version `bold'
(Font)                  U/euf/m/n --> U/euf/b/n on input line 106.
)
("C:\Users\Romai\AppData\Local\Programs\MiKTeX 2.9\tex/latex/amsfonts\amssymb.s
ty"
Package: amssymb 2013/01/14 v3.01 AMS font symbols
)
("C:\Users\Romai\AppData\Local\Programs\MiKTeX 2.9\tex/latex/listings\listings.
sty"
\lst@mode=\count281
\lst@gtempboxa=\box61
\lst@token=\toks25
\lst@length=\count282
\lst@currlwidth=\dimen163
\lst@column=\count283
\lst@pos=\count284
\lst@lostspace=\dimen164
\lst@width=\dimen165
\lst@newlines=\count285
\lst@lineno=\count286
\lst@maxwidth=\dimen166

("C:\Users\Romai\AppData\Local\Programs\MiKTeX 2.9\tex/latex/listings\lstmisc.s
ty"
File: lstmisc.sty 2020/03/24 1.8d (Carsten Heinz)
\c@lstnumber=\count287
\lst@skipnumbers=\count288
\lst@framebox=\box62
)
("C:\Users\Romai\AppData\Local\Programs\MiKTeX 2.9\tex/latex/listings\listings.
cfg"
File: listings.cfg 2020/03/24 1.8d listings configuration
))
Package: listings 2020/03/24 1.8d (Carsten Heinz)

("C:\Users\Romai\AppData\Local\Programs\MiKTeX 2.9\tex/latex/xcolor\xcolor.sty"
Package: xcolor 2016/05/11 v2.12 LaTeX color extensions (UK)

("C:\Users\Romai\AppData\Local\Programs\MiKTeX 2.9\tex/latex/graphics-cfg\color
.cfg"
File: color.cfg 2016/01/02 v1.6 sample color configuration
)
Package xcolor Info: Package option `usenames' ignored on input line 216.
Package xcolor Info: Driver file: pdftex.def on input line 225.

("C:\Users\Romai\AppData\Local\Programs\MiKTeX 2.9\tex/latex/graphics-def\pdfte
x.def"
File: pdftex.def 2018/01/08 v1.0l Graphics/color driver for pdftex
)
("C:\Users\Romai\AppData\Local\Programs\MiKTeX 2.9\tex/latex/colortbl\colortbl.
sty"
Package: colortbl 2020/01/04 v1.0e Color table columns (DPC)
\everycr=\toks26
\minrowclearance=\skip71
)
\rownum=\count289
Package xcolor Info: Model `cmy' substituted by `cmy0' on input line 1348.
Package xcolor Info: Model `hsb' substituted by `rgb' on input line 1352.
Package xcolor Info: Model `RGB' extended on input line 1364.
Package xcolor Info: Model `HTML' substituted by `rgb' on input line 1366.
Package xcolor Info: Model `Hsb' substituted by `hsb' on input line 1367.
Package xcolor Info: Model `tHsb' substituted by `hsb' on input line 1368.
Package xcolor Info: Model `HSB' substituted by `hsb' on input line 1369.
Package xcolor Info: Model `Gray' substituted by `gray' on input line 1370.
Package xcolor Info: Model `wave' substituted by `hsb' on input line 1371.

("C:\Users\Romai\AppData\Local\Programs\MiKTeX 2.9\tex/latex/graphics\dvipsnam.
def"
File: dvipsnam.def 2016/06/17 v3.0m Driver-dependent file (DPC,SPQR)
))
("C:\Users\Romai\AppData\Local\Programs\MiKTeX 2.9\tex/latex/booktabs\booktabs.
sty"
Package: booktabs 2020/01/12 v1.61803398 Publication quality tables
\heavyrulewidth=\dimen167
\lightrulewidth=\dimen168
\cmidrulewidth=\dimen169
\belowrulesep=\dimen170
\belowbottomsep=\dimen171
\aboverulesep=\dimen172
\abovetopsep=\dimen173
\cmidrulesep=\dimen174
\cmidrulekern=\dimen175
\defaultaddspace=\dimen176
\@cmidla=\count290
\@cmidlb=\count291
\@aboverulesep=\dimen177
\@belowrulesep=\dimen178
\@thisruleclass=\count292
\@lastruleclass=\count293
\@thisrulewidth=\dimen179
)
("C:\Users\Romai\AppData\Local\Programs\MiKTeX 2.9\tex/latex/caption\caption.st
y"
Package: caption 2020/05/10 v3.4j Customizing captions (AR)

("C:\Users\Romai\AppData\Local\Programs\MiKTeX 2.9\tex/latex/caption\caption3.s
ty"
Package: caption3 2020/05/10 v1.11 caption3 kernel (AR)
Package caption3 Info: TeX engine: e-TeX on input line 61.
\captionmargin=\dimen180
\captionmargin@=\dimen181
\captionwidth=\dimen182
\caption@tempdima=\dimen183
\caption@indent=\dimen184
\caption@parindent=\dimen185
\caption@hangindent=\dimen186
Package caption Info: Standard document class detected.
)
\c@caption@flags=\count294
\c@continuedfloat=\count295
Package caption Info: listings package is loaded.
Package caption Info: longtable package is loaded.

("C:\Users\Romai\AppData\Local\Programs\MiKTeX 2.9\tex/latex/caption\ltcaption.
sty"
Package: ltcaption 2018/08/26 v1.4a longtable captions (AR)
))
("C:\Users\Romai\AppData\Local\Programs\MiKTeX 2.9\tex/latex/mdframed\mdframed.
sty"
Package: mdframed 2013/07/01 1.9b: mdframed

("C:\Users\Romai\AppData\Local\Programs\MiKTeX 2.9\tex/latex/kvoptions\kvoption
s.sty"
Package: kvoptions 2019/11/29 v3.13 Key value format for package options (HO)

("C:\Users\Romai\AppData\Local\Programs\MiKTeX 2.9\tex/generic/ltxcmds\ltxcmds.
sty"
Package: ltxcmds 2019/12/15 v1.24 LaTeX kernel commands for general use (HO)
)
("C:\Users\Romai\AppData\Local\Programs\MiKTeX 2.9\tex/generic/kvsetkeys\kvsetk
eys.sty"
Package: kvsetkeys 2019/12/15 v1.18 Key value parser (HO)
))
("C:\Users\Romai\AppData\Local\Programs\MiKTeX 2.9\tex/latex/etoolbox\etoolbox.
sty"
Package: etoolbox 2019/09/21 v2.5h e-TeX tools for LaTeX (JAW)
\etb@tempcnta=\count296
)
("C:\Users\Romai\AppData\Local\Programs\MiKTeX 2.9\tex/latex/zref\zref-abspage.
sty"
Package: zref-abspage 2020-07-03 v2.32 Module abspage for zref (HO)

("C:\Users\Romai\AppData\Local\Programs\MiKTeX 2.9\tex/latex/zref\zref-base.sty
"
Package: zref-base 2020-07-03 v2.32 Module base for zref (HO)

("C:\Users\Romai\AppData\Local\Programs\MiKTeX 2.9\tex/generic/infwarerr\infwar
err.sty"
Package: infwarerr 2019/12/03 v1.5 Providing info/warning/error messages (HO)
)
("C:\Users\Romai\AppData\Local\Programs\MiKTeX 2.9\tex/generic/kvdefinekeys\kvd
efinekeys.sty"
Package: kvdefinekeys 2019-12-19 v1.6 Define keys (HO)
)
("C:\Users\Romai\AppData\Local\Programs\MiKTeX 2.9\tex/latex/pdftexcmds\pdftexc
mds.sty"
Package: pdftexcmds 2019/11/24 v0.31 Utility functions of pdfTeX for LuaTeX (HO
)

("C:\Users\Romai\AppData\Local\Programs\MiKTeX 2.9\tex/generic/iftex\iftex.sty"
Package: iftex 2020/03/06 v1.0d TeX engine tests
)
Package pdftexcmds Info: \pdf@primitive is available.
Package pdftexcmds Info: \pdf@ifprimitive is available.
Package pdftexcmds Info: \pdfdraftmode found.
)
("C:\Users\Romai\AppData\Local\Programs\MiKTeX 2.9\tex/generic/etexcmds\etexcmd
s.sty"
Package: etexcmds 2019/12/15 v1.7 Avoid name clashes with e-TeX commands (HO)
)
("C:\Users\Romai\AppData\Local\Programs\MiKTeX 2.9\tex/latex/auxhook\auxhook.st
y"
Package: auxhook 2019-12-17 v1.6 Hooks for auxiliary files (HO)
)
Package zref Info: New property list: main on input line 764.
Package zref Info: New property: default on input line 765.
Package zref Info: New property: page on input line 766.
)
("C:\Users\Romai\AppData\Local\Programs\MiKTeX 2.9\tex/generic/atbegshi\atbegsh
i.sty"
Package: atbegshi 2019/12/05 v1.19 At begin shipout hook (HO)
)
\c@abspage=\count297
Package zref Info: New property: abspage on input line 66.
)
("C:\Users\Romai\AppData\Local\Programs\MiKTeX 2.9\tex/latex/needspace\needspac
e.sty"
Package: needspace 2010/09/12 v1.3d reserve vertical space
)
\mdf@templength=\skip72
\c@mdf@globalstyle@cnt=\count298
\mdf@skipabove@length=\skip73
\mdf@skipbelow@length=\skip74
\mdf@leftmargin@length=\skip75
\mdf@rightmargin@length=\skip76
\mdf@innerleftmargin@length=\skip77
\mdf@innerrightmargin@length=\skip78
\mdf@innertopmargin@length=\skip79
\mdf@innerbottommargin@length=\skip80
\mdf@splittopskip@length=\skip81
\mdf@splitbottomskip@length=\skip82
\mdf@outermargin@length=\skip83
\mdf@innermargin@length=\skip84
\mdf@linewidth@length=\skip85
\mdf@innerlinewidth@length=\skip86
\mdf@middlelinewidth@length=\skip87
\mdf@outerlinewidth@length=\skip88
\mdf@roundcorner@length=\skip89
\mdf@footenotedistance@length=\skip90
\mdf@userdefinedwidth@length=\skip91
\mdf@needspace@length=\skip92
\mdf@frametitleaboveskip@length=\skip93
\mdf@frametitlebelowskip@length=\skip94
\mdf@frametitlerulewidth@length=\skip95
\mdf@frametitleleftmargin@length=\skip96
\mdf@frametitlerightmargin@length=\skip97
\mdf@shadowsize@length=\skip98
\mdf@extratopheight@length=\skip99
\mdf@subtitleabovelinewidth@length=\skip100
\mdf@subtitlebelowlinewidth@length=\skip101
\mdf@subtitleaboveskip@length=\skip102
\mdf@subtitlebelowskip@length=\skip103
\mdf@subtitleinneraboveskip@length=\skip104
\mdf@subtitleinnerbelowskip@length=\skip105
\mdf@subsubtitleabovelinewidth@length=\skip106
\mdf@subsubtitlebelowlinewidth@length=\skip107
\mdf@subsubtitleaboveskip@length=\skip108
\mdf@subsubtitlebelowskip@length=\skip109
\mdf@subsubtitleinneraboveskip@length=\skip110
\mdf@subsubtitleinnerbelowskip@length=\skip111

("C:\Users\Romai\AppData\Local\Programs\MiKTeX 2.9\tex/latex/mdframed\md-frame-
0.mdf"
File: md-frame-0.mdf 2013/07/01\ 1.9b: md-frame-0
)
\mdf@frametitlebox=\box63
\mdf@footnotebox=\box64
\mdf@splitbox@one=\box65
\mdf@splitbox@two=\box66
\mdf@splitbox@save=\box67
\mdfsplitboxwidth=\skip112
\mdfsplitboxtotalwidth=\skip113
\mdfsplitboxheight=\skip114
\mdfsplitboxdepth=\skip115
\mdfsplitboxtotalheight=\skip116
\mdfframetitleboxwidth=\skip117
\mdfframetitleboxtotalwidth=\skip118
\mdfframetitleboxheight=\skip119
\mdfframetitleboxdepth=\skip120
\mdfframetitleboxtotalheight=\skip121
\mdffootnoteboxwidth=\skip122
\mdffootnoteboxtotalwidth=\skip123
\mdffootnoteboxheight=\skip124
\mdffootnoteboxdepth=\skip125
\mdffootnoteboxtotalheight=\skip126
\mdftotallinewidth=\skip127
\mdfboundingboxwidth=\skip128
\mdfboundingboxtotalwidth=\skip129
\mdfboundingboxheight=\skip130
\mdfboundingboxdepth=\skip131
\mdfboundingboxtotalheight=\skip132
\mdf@freevspace@length=\skip133
\mdf@horizontalwidthofbox@length=\skip134
\mdf@verticalmarginwhole@length=\skip135
\mdf@horizontalspaceofbox=\skip136
\mdfsubtitleheight=\skip137
\mdfsubsubtitleheight=\skip138
\c@mdfcountframes=\count299

****** mdframed patching \endmdf@trivlist

****** -- success******

\mdf@envdepth=\count300
\c@mdf@env@i=\count301
\c@mdf@env@ii=\count302
\c@mdf@zref@counter=\count303
Package zref Info: New property: mdf@pagevalue on input line 895.
)
("C:\Users\Romai\AppData\Local\Programs\MiKTeX 2.9\tex/latex/float\float.sty"
Package: float 2001/11/08 v1.3d Float enhancements (AL)
\c@float@type=\count304
\float@exts=\toks27
\float@box=\box68
\@float@everytoks=\toks28
\@floatcapt=\box69
)
("C:\Users\Romai\AppData\Local\Programs\MiKTeX 2.9\tex/latex/caption\subcaption
.sty"
Package: subcaption 2020/01/22 v1.3d Sub-captions (AR)
\c@subfigure=\count305
\c@subtable=\count306
) (D:/R-3.5.2/share/texmf/tex/latex\Sweave.sty
Package: Sweave 

("C:\Users\Romai\AppData\Local\Programs\MiKTeX 2.9\tex/latex/base\ifthen.sty"
Package: ifthen 2014/09/29 v1.1c Standard LaTeX ifthen package (DPC)
)
("C:\Users\Romai\AppData\Local\Programs\MiKTeX 2.9\tex/latex/graphics\graphicx.
sty"
Package: graphicx 2019/11/30 v1.2a Enhanced LaTeX Graphics (DPC,SPQR)

("C:\Users\Romai\AppData\Local\Programs\MiKTeX 2.9\tex/latex/graphics\graphics.
sty"
Package: graphics 2019/11/30 v1.4a Standard LaTeX Graphics (DPC,SPQR)

("C:\Users\Romai\AppData\Local\Programs\MiKTeX 2.9\tex/latex/graphics\trig.sty"
Package: trig 2016/01/03 v1.10 sin cos tan (DPC)
)
("C:\Users\Romai\AppData\Local\Programs\MiKTeX 2.9\tex/latex/graphics-cfg\graph
ics.cfg"
File: graphics.cfg 2016/06/04 v1.11 sample graphics configuration
)
Package graphics Info: Driver file: pdftex.def on input line 105.
)
\Gin@req@height=\dimen187
\Gin@req@width=\dimen188
)
("C:\Users\Romai\AppData\Local\Programs\MiKTeX 2.9\tex/latex/fancyvrb\fancyvrb.
sty"
Package: fancyvrb 2020/05/03 v3.6 verbatim text (tvz,hv)
\FV@CodeLineNo=\count307
\FV@InFile=\read2
\FV@TabBox=\box70
\c@FancyVerbLine=\count308
\FV@StepNumber=\count309
\FV@OutFile=\write3
)
("C:\Users\Romai\AppData\Local\Programs\MiKTeX 2.9\tex/latex/base\textcomp.sty"
Package: textcomp 2020/02/02 v2.0n Standard LaTeX package
) ("C:\Users\Romai\AppData\Local\Programs\MiKTeX 2.9\tex/latex/base\fontenc.sty
"
Package: fontenc 2020/02/11 v2.0o Standard LaTeX package
) ("C:\Users\Romai\AppData\Local\Programs\MiKTeX 2.9\tex/latex/ae\ae.sty"
Package: ae 2001/02/12 1.3 Almost European Computer Modern

("C:\Users\Romai\AppData\Local\Programs\MiKTeX 2.9\tex/latex/base\fontenc.sty"
Package: fontenc 2020/02/11 v2.0o Standard LaTeX package
)))
("C:\Users\Romai\AppData\Local\Programs\MiKTeX 2.9\tex/latex/graphics\lscape.st
y"
Package: lscape 2000/10/22 v3.01 Landscape Pages (DPC)
)
("C:\Users\Romai\AppData\Local\Programs\MiKTeX 2.9\tex/latex/pdfpages\pdfpages.
sty"
Package: pdfpages 2020/01/28 v0.5q Insert pages of external PDF documents (AM)
 ("C:\Users\Romai\AppData\Local\Programs\MiKTeX 2.9\tex/latex/tools\calc.sty"
Package: calc 2017/05/25 v4.3 Infix arithmetic (KKT,FJ)
\calc@Acount=\count310
\calc@Bcount=\count311
\calc@Adimen=\dimen189
\calc@Bdimen=\dimen190
\calc@Askip=\skip139
\calc@Bskip=\skip140
LaTeX Info: Redefining \setlength on input line 80.
LaTeX Info: Redefining \addtolength on input line 81.
\calc@Ccount=\count312
\calc@Cskip=\skip141
)
("C:\Users\Romai\AppData\Local\Programs\MiKTeX 2.9\tex/latex/eso-pic\eso-pic.st
y"
Package: eso-pic 2018/04/12 v2.0h eso-pic (RN)
)
\AM@pagewidth=\dimen191
\AM@pageheight=\dimen192

("C:\Users\Romai\AppData\Local\Programs\MiKTeX 2.9\tex/latex/pdfpages\pppdftex.
def"
File: pppdftex.def 2020/01/28 v0.5q Pdfpages driver for pdfTeX (AM)
)
\AM@pagebox=\box71
\AM@global@opts=\toks29
\AM@pagecnt=\count313
\AM@toc@title=\toks30
\c@AM@survey=\count314
\AM@templatesizebox=\box72
)
("C:\Users\Romai\AppData\Local\Programs\MiKTeX 2.9\tex/latex/hyperref\hyperref.
sty"
Package: hyperref 2020-05-15 v7.00e Hypertext links for LaTeX

("C:\Users\Romai\AppData\Local\Programs\MiKTeX 2.9\tex/generic/pdfescape\pdfesc
ape.sty"
Package: pdfescape 2019/12/09 v1.15 Implements pdfTeX's escape features (HO)
)
("C:\Users\Romai\AppData\Local\Programs\MiKTeX 2.9\tex/latex/hycolor\hycolor.st
y"
Package: hycolor 2020-01-27 v1.10 Color options for hyperref/bookmark (HO)
)
("C:\Users\Romai\AppData\Local\Programs\MiKTeX 2.9\tex/latex/letltxmacro\letltx
macro.sty"
Package: letltxmacro 2019/12/03 v1.6 Let assignment for LaTeX macros (HO)
)
\@linkdim=\dimen193
\Hy@linkcounter=\count315
\Hy@pagecounter=\count316

("C:\Users\Romai\AppData\Local\Programs\MiKTeX 2.9\tex/latex/hyperref\pd1enc.de
f"
File: pd1enc.def 2020-05-15 v7.00e Hyperref: PDFDocEncoding definition (HO)
Now handling font encoding PD1 ...
... no UTF-8 mapping file for font encoding PD1
)
("C:\Users\Romai\AppData\Local\Programs\MiKTeX 2.9\tex/generic/intcalc\intcalc.
sty"
Package: intcalc 2019/12/15 v1.3 Expandable calculations with integers (HO)
)
\Hy@SavedSpaceFactor=\count317
Package hyperref Info: Option `linktocpage' set `true' on input line 4338.
Package hyperref Info: Hyper figures OFF on input line 4464.
Package hyperref Info: Link nesting OFF on input line 4469.
Package hyperref Info: Hyper index ON on input line 4472.
Package hyperref Info: Plain pages OFF on input line 4479.
Package hyperref Info: Backreferencing OFF on input line 4484.
Package hyperref Info: Implicit mode ON; LaTeX internals redefined.
Package hyperref Info: Bookmarks ON on input line 4717.
\c@Hy@tempcnt=\count318
 ("C:\Users\Romai\AppData\Local\Programs\MiKTeX 2.9\tex/latex/url\url.sty"
\Urlmuskip=\muskip17
Package: url 2013/09/16  ver 3.4  Verb mode for urls, etc.
)
LaTeX Info: Redefining \url on input line 5076.
\XeTeXLinkMargin=\dimen194

("C:\Users\Romai\AppData\Local\Programs\MiKTeX 2.9\tex/generic/bitset\bitset.st
y"
Package: bitset 2019/12/09 v1.3 Handle bit-vector datatype (HO)

("C:\Users\Romai\AppData\Local\Programs\MiKTeX 2.9\tex/generic/bigintcalc\bigin
tcalc.sty"
Package: bigintcalc 2019/12/15 v1.5 Expandable calculations on big integers (HO
)
))
\Fld@menulength=\count319
\Field@Width=\dimen195
\Fld@charsize=\dimen196
Package hyperref Info: Hyper figures OFF on input line 6347.
Package hyperref Info: Link nesting OFF on input line 6352.
Package hyperref Info: Hyper index ON on input line 6355.
Package hyperref Info: backreferencing OFF on input line 6362.
Package hyperref Info: Link coloring OFF on input line 6367.
Package hyperref Info: Link coloring with OCG OFF on input line 6372.
Package hyperref Info: PDF/A mode OFF on input line 6377.
LaTeX Info: Redefining \ref on input line 6417.
LaTeX Info: Redefining \pageref on input line 6421.
\Hy@abspage=\count320
\c@Item=\count321
\c@Hfootnote=\count322
)
Package hyperref Info: Driver (autodetected): hpdftex.

("C:\Users\Romai\AppData\Local\Programs\MiKTeX 2.9\tex/latex/hyperref\hpdftex.d
ef"
File: hpdftex.def 2020-05-15 v7.00e Hyperref driver for pdfTeX

("C:\Users\Romai\AppData\Local\Programs\MiKTeX 2.9\tex/latex/atveryend\atveryen
d.sty"
Package: atveryend 2019-12-11 v1.11 Hooks at the very end of document (HO)
)
\HyAnn@Count=\count323
\Fld@listcount=\count324
\c@bookmark@seq@number=\count325

("C:\Users\Romai\AppData\Local\Programs\MiKTeX 2.9\tex/latex/rerunfilecheck\rer
unfilecheck.sty"
Package: rerunfilecheck 2019/12/05 v1.9 Rerun checks for auxiliary files (HO)

("C:\Users\Romai\AppData\Local\Programs\MiKTeX 2.9\tex/generic/uniquecounter\un
iquecounter.sty"
Package: uniquecounter 2019/12/15 v1.4 Provide unlimited unique counter (HO)
)
Package uniquecounter Info: New unique counter `rerunfilecheck' on input line 2
86.
)
\Hy@SectionHShift=\skip142
)
("C:\Users\Romai\AppData\Local\Programs\MiKTeX 2.9\tex/latex/titlesec\titlesec.
sty"
Package: titlesec 2019/10/16 v2.13 Sectioning titles
\ttl@box=\box73
\beforetitleunit=\skip143
\aftertitleunit=\skip144
\ttl@plus=\dimen197
\ttl@minus=\dimen198
\ttl@toksa=\toks31
\titlewidth=\dimen199
\titlewidthlast=\dimen256
\titlewidthfirst=\dimen257
)
("C:\Users\Romai\AppData\Local\Programs\MiKTeX 2.9\tex/latex/graphics\rotating.
sty"
Package: rotating 2016/08/11 v2.16d rotated objects in LaTeX
\c@r@tfl@t=\count326
\rotFPtop=\skip145
\rotFPbot=\skip146
\rot@float@box=\box74
\rot@mess@toks=\toks32
)
("C:\Users\Romai\AppData\Local\Programs\MiKTeX 2.9\tex/latex/listings\lstlang1.
sty"
File: lstlang1.sty 2020/03/24 1.8d listings language file
)
("C:\Users\Romai\AppData\Local\Programs\MiKTeX 2.9\tex/latex/listings\lstlang2.
sty"
File: lstlang2.sty 2020/03/24 1.8d listings language file
)
("C:\Users\Romai\AppData\Local\Programs\MiKTeX 2.9\tex/latex/listings\lstlang3.
sty"
File: lstlang3.sty 2020/03/24 1.8d listings language file
) (BeautifulGraphs-Npde-v3.aux

LaTeX Warning: Label `fig:plotByDefault' multiply defined.


LaTeX Warning: Label `fig:plotByDefault' multiply defined.


LaTeX Warning: Label `fig:plotByDefault' multiply defined.


LaTeX Warning: Label `fig:plotByDefault' multiply defined.


LaTeX Warning: Label `fig:plotByDefault' multiply defined.


LaTeX Warning: Label `fig:plotByDefault' multiply defined.


LaTeX Warning: Label `fig:plotByDefault' multiply defined.


LaTeX Warning: Label `fig:plotByDefault' multiply defined.


LaTeX Warning: Label `fig:plotByDefault' multiply defined.


LaTeX Warning: Label `fig:plotByDefault' multiply defined.


LaTeX Warning: Label `fig:Histogram_plot01_yvir20' multiply defined.

)
\openout1 = `BeautifulGraphs-Npde-v3.aux'.

LaTeX Font Info:    Checking defaults for OML/cmm/m/it on input line 106.
LaTeX Font Info:    ... okay on input line 106.
LaTeX Font Info:    Checking defaults for OMS/cmsy/m/n on input line 106.
LaTeX Font Info:    ... okay on input line 106.
LaTeX Font Info:    Checking defaults for OT1/cmr/m/n on input line 106.
LaTeX Font Info:    ... okay on input line 106.
LaTeX Font Info:    Checking defaults for T1/cmr/m/n on input line 106.
LaTeX Font Info:    ... okay on input line 106.
LaTeX Font Info:    Checking defaults for TS1/cmr/m/n on input line 106.
LaTeX Font Info:    ... okay on input line 106.
LaTeX Font Info:    Checking defaults for OMX/cmex/m/n on input line 106.
LaTeX Font Info:    ... okay on input line 106.
LaTeX Font Info:    Checking defaults for U/cmr/m/n on input line 106.
LaTeX Font Info:    ... okay on input line 106.
LaTeX Font Info:    Checking defaults for PD1/pdf/m/n on input line 106.
LaTeX Font Info:    ... okay on input line 106.
LaTeX Font Info:    Trying to load font information for T1+aess on input line 1
06.
 ("C:\Users\Romai\AppData\Local\Programs\MiKTeX 2.9\tex/latex/ae\t1aess.fd"
File: t1aess.fd 1997/11/16 Font definitions for T1/aess.
)
("C:\Users\Romai\AppData\Local\Programs\MiKTeX 2.9\tex/latex/translator\transla
tor-basic-dictionary-English.dict"
Dictionary: translator-basic-dictionary, Language: English 
)
("C:\Users\Romai\AppData\Local\Programs\MiKTeX 2.9\tex/latex/siunitx\siunitx-ab
breviations.cfg"
File: siunitx-abbreviations.cfg 2017/11/26 v2.7k siunitx: Abbreviated units
)
\c@lstlisting=\count327

("C:\Users\Romai\AppData\Local\Programs\MiKTeX 2.9\tex/context/base/mkii\supp-p
df.mkii"
[Loading MPS to PDF converter (version 2006.09.02).]
\scratchcounter=\count328
\scratchdimen=\dimen258
\scratchbox=\box75
\nofMPsegments=\count329
\nofMParguments=\count330
\everyMPshowfont=\toks33
\MPscratchCnt=\count331
\MPscratchDim=\dimen259
\MPnumerator=\count332
\makeMPintoPDFobject=\count333
\everyMPtoPDFconversion=\toks34
)
("C:\Users\Romai\AppData\Local\Programs\MiKTeX 2.9\tex/latex/epstopdf-pkg\epsto
pdf-base.sty"
Package: epstopdf-base 2020-01-24 v2.11 Base part for package epstopdf
Package epstopdf-base Info: Redefining graphics rule for `.eps' on input line 4
85.
)
Package caption Info: Begin \AtBeginDocument code.
Package caption Info: float package is loaded.
Package caption Info: hyperref package is loaded.
Package caption Info: rotating package is loaded.
Package caption Info: End \AtBeginDocument code.
\AtBeginShipoutBox=\box76

("C:\Users\Romai\AppData\Local\Programs\MiKTeX 2.9\tex/latex/pdflscape\pdflscap
e.sty"
Package: pdflscape 2019/12/05 v0.12 Display of landscape pages in PDF (HO)
Package pdflscape Info: Auto-detected driver: pdftex on input line 81.
)
Package hyperref Info: Link coloring OFF on input line 106.

("C:\Users\Romai\AppData\Local\Programs\MiKTeX 2.9\tex/latex/hyperref\nameref.s
ty"
Package: nameref 2019/09/16 v2.46 Cross-referencing by name of section

("C:\Users\Romai\AppData\Local\Programs\MiKTeX 2.9\tex/latex/refcount\refcount.
sty"
Package: refcount 2019/12/15 v3.6 Data extraction from label references (HO)
)
("C:\Users\Romai\AppData\Local\Programs\MiKTeX 2.9\tex/generic/gettitlestring\g
ettitlestring.sty"
Package: gettitlestring 2019/12/15 v1.6 Cleanup title references (HO)
)
\c@section@level=\count334
)
LaTeX Info: Redefining \ref on input line 106.
LaTeX Info: Redefining \pageref on input line 106.
LaTeX Info: Redefining \nameref on input line 106.
 (BeautifulGraphs-Npde-v3.out) (BeautifulGraphs-Npde-v3.out)
\@outlinefile=\write4
\openout4 = `BeautifulGraphs-Npde-v3.out'.

LaTeX Font Info:    Trying to load font information for U+msa on input line 106
.
 ("C:\Users\Romai\AppData\Local\Programs\MiKTeX 2.9\tex/latex/amsfonts\umsa.fd"
File: umsa.fd 2013/01/14 v3.01 AMS symbols A
)
LaTeX Font Info:    Trying to load font information for U+msb on input line 106
.
 ("C:\Users\Romai\AppData\Local\Programs\MiKTeX 2.9\tex/latex/amsfonts\umsb.fd"
File: umsb.fd 2013/01/14 v3.01 AMS symbols B
) (BeautifulGraphs-Npde-v3-concordance.tex)
<ParisDiderotLogo.png, id=72, 70.76437pt x 159.59625pt>
File: ParisDiderotLogo.png Graphic file (type png)
<use ParisDiderotLogo.png>
Package pdftex.def Info: ParisDiderotLogo.png  used on input line 142.
(pdftex.def)             Requested size: 56.61156pt x 127.67715pt.
<InsermLogo.png, id=73, 276.03125pt x 183.68625pt>
File: InsermLogo.png Graphic file (type png)
<use InsermLogo.png>
Package pdftex.def Info: InsermLogo.png  used on input line 146.
(pdftex.def)             Requested size: 138.01527pt x 91.84288pt.
LaTeX Font Info:    Font shape `T1/aess/b/n' in size <14.4> not available
(Font)              Font shape `T1/aess/bx/n' tried instead on input line 152.
LaTeX Font Info:    Font shape `T1/aess/m/it' in size <14.4> not available
(Font)              Font shape `T1/aess/m/sl' tried instead on input line 161.


LaTeX Font Warning: Font shape `T1/aess/b/it' undefined
(Font)              using `T1/aess/b/n' instead on input line 161.

LaTeX Font Info:    Font shape `T1/aess/m/it' in size <12> not available
(Font)              Font shape `T1/aess/m/sl' tried instead on input line 167.
LaTeX Font Info:    Font shape `T1/aess/b/it' in size <12> not available
(Font)              Font shape `T1/aess/bx/n' tried instead on input line 167.
LaTeX Font Info:    Font shape `T1/aess/m/it' in size <10> not available
(Font)              Font shape `T1/aess/m/sl' tried instead on input line 170.
LaTeX Font Info:    Font shape `T1/aess/b/n' in size <12> not available
(Font)              Font shape `T1/aess/bx/n' tried instead on input line 180.
LaTeX Font Info:    Trying to load font information for T1+aett on input line 1
80.
("C:\Users\Romai\AppData\Local\Programs\MiKTeX 2.9\tex/latex/ae\t1aett.fd"
File: t1aett.fd 1997/11/16 Font definitions for T1/aett.
)

LaTeX Font Warning: Font shape `T1/aett/b/n' undefined
(Font)              using `T1/aett/m/n' instead on input line 180.

[1

{C:/Users/Romai/AppData/Local/MiKTeX/2.9/pdftex/config/pdftex.map} <./ParisDide
rotLogo.png> <./InsermLogo.png>]
LaTeX Font Info:    Font shape `T1/aess/b/n' in size <10> not available
(Font)              Font shape `T1/aess/bx/n' tried instead on input line 185.
LaTeX Font Info:    Font shape `T1/aess/b/n' in size <24.88> not available
(Font)              Font shape `T1/aess/bx/n' tried instead on input line 185.
 (BeautifulGraphs-Npde-v3.toc)
\tf@toc=\write5
\openout5 = `BeautifulGraphs-Npde-v3.toc'.

 [2

]
consecutive:
pdfTeX warning (ext4): destination with the same identifier (name{page.1}) has 
been already used, duplicate ignored
<to be read again> 
                   \relax 
l.405 \end{mdframed}
                     [1]
Package mdframed Info: Box was splittet wrong
 starting loop to iterate the splitting point
(mdframed)              on input line 405.
pdfTeX warning (ext4): destination with the same identifier (name{page.2}) has 
been already used, duplicate ignored
<to be read again> 
                   \relax 
l.405 \end{mdframed}
                     [2]
Package mdframed Info: Box was splittet wrong
 starting loop to iterate the splitting point
(mdframed)              on input line 405.
 [3]
LaTeX Font Info:    Trying to load font information for T1+aer on input line 42
1.

("C:\Users\Romai\AppData\Local\Programs\MiKTeX 2.9\tex/latex/ae\t1aer.fd"
File: t1aer.fd 1997/11/16 Font definitions for T1/aer.
)

LaTeX Warning: `!h' float specifier changed to `!ht'.

[4]
consecutive:

LaTeX Warning: `!h' float specifier changed to `!ht'.

[5] [6]

LaTeX Warning: Float too large for page by 2.88411pt on input line 540.


LaTeX Warning: `!h' float specifier changed to `!ht'.

[7]
Underfull \hbox (badness 2245) in paragraph at lines 595--595
[]|\T1/aess/m/n/10 Value of beta used to com-pute the variance-based cri-te-rio
n
 []


Overfull \hbox (14.32161pt too wide) in paragraph at lines 581--599
 [] 
 []

[8


] [9]
consecutive:
<BeautifulGraphs-Npde-v3-008.pdf, id=175, 433.62pt x 433.62pt>
File: BeautifulGraphs-Npde-v3-008.pdf Graphic file (type pdf)
<use BeautifulGraphs-Npde-v3-008.pdf>
Package pdftex.def Info: BeautifulGraphs-Npde-v3-008.pdf  used on input line 67
5.
(pdftex.def)             Requested size: 433.61894pt x 433.61894pt.
[10

]
consecutive:
<BeautifulGraphs-Npde-v3-010.pdf, id=182, 433.62pt x 433.62pt>
File: BeautifulGraphs-Npde-v3-010.pdf Graphic file (type pdf)
<use BeautifulGraphs-Npde-v3-010.pdf>
Package pdftex.def Info: BeautifulGraphs-Npde-v3-010.pdf  used on input line 69
1.
(pdftex.def)             Requested size: 433.61894pt x 433.61894pt.
[11 <./BeautifulGraphs-Npde-v3-008.pdf>]
consecutive:
<BeautifulGraphs-Npde-v3-012.pdf, id=201, 433.62pt x 433.62pt>
File: BeautifulGraphs-Npde-v3-012.pdf Graphic file (type pdf)
<use BeautifulGraphs-Npde-v3-012.pdf>
Package pdftex.def Info: BeautifulGraphs-Npde-v3-012.pdf  used on input line 70
7.
(pdftex.def)             Requested size: 433.61894pt x 433.61894pt.
[12 <./BeautifulGraphs-Npde-v3-010.pdf>]
consecutive:
<BeautifulGraphs-Npde-v3-014.pdf, id=219, 433.62pt x 433.62pt>
File: BeautifulGraphs-Npde-v3-014.pdf Graphic file (type pdf)
<use BeautifulGraphs-Npde-v3-014.pdf>
Package pdftex.def Info: BeautifulGraphs-Npde-v3-014.pdf  used on input line 72
3.
(pdftex.def)             Requested size: 433.61894pt x 433.61894pt.
[13 <./BeautifulGraphs-Npde-v3-012.pdf>]
consecutive:
<BeautifulGraphs-Npde-v3-016.pdf, id=237, 433.62pt x 433.62pt>
File: BeautifulGraphs-Npde-v3-016.pdf Graphic file (type pdf)
<use BeautifulGraphs-Npde-v3-016.pdf>
Package pdftex.def Info: BeautifulGraphs-Npde-v3-016.pdf  used on input line 73
9.
(pdftex.def)             Requested size: 433.61894pt x 433.61894pt.
[14 <./BeautifulGraphs-Npde-v3-014.pdf>]
consecutive:
<BeautifulGraphs-Npde-v3-018.pdf, id=255, 289.08pt x 289.08pt>
File: BeautifulGraphs-Npde-v3-018.pdf Graphic file (type pdf)
<use BeautifulGraphs-Npde-v3-018.pdf>
Package pdftex.def Info: BeautifulGraphs-Npde-v3-018.pdf  used on input line 75
8.
(pdftex.def)             Requested size: 289.07928pt x 289.07928pt.
[15 <./BeautifulGraphs-Npde-v3-016.pdf>]
consecutive:
<BeautifulGraphs-Npde-v3-020.pdf, id=273, 433.62pt x 289.08pt>
File: BeautifulGraphs-Npde-v3-020.pdf Graphic file (type pdf)
<use BeautifulGraphs-Npde-v3-020.pdf>
Package pdftex.def Info: BeautifulGraphs-Npde-v3-020.pdf  used on input line 77
3.
(pdftex.def)             Requested size: 433.61894pt x 289.07928pt.
[16 <./BeautifulGraphs-Npde-v3-018.pdf>]
consecutive:
<BeautifulGraphs-Npde-v3-022.pdf, id=290, 289.08pt x 289.08pt>
File: BeautifulGraphs-Npde-v3-022.pdf Graphic file (type pdf)
<use BeautifulGraphs-Npde-v3-022.pdf>
Package pdftex.def Info: BeautifulGraphs-Npde-v3-022.pdf  used on input line 79
3.
(pdftex.def)             Requested size: 289.07928pt x 289.07928pt.
[17 <./BeautifulGraphs-Npde-v3-020.pdf>]
<BeautifulGraphs-Npde-v3-023.pdf, id=309, 289.08pt x 289.08pt>
File: BeautifulGraphs-Npde-v3-023.pdf Graphic file (type pdf)
<use BeautifulGraphs-Npde-v3-023.pdf>
Package pdftex.def Info: BeautifulGraphs-Npde-v3-023.pdf  used on input line 80
1.
(pdftex.def)             Requested size: 289.07928pt x 289.07928pt.
 [18 <./BeautifulGraphs-Npde-v3-022.pdf> <./BeautifulGraphs-Npde-v3-023.pdf>]
consecutive:
<BeautifulGraphs-Npde-v3-025.pdf, id=335, 289.08pt x 289.08pt>
File: BeautifulGraphs-Npde-v3-025.pdf Graphic file (type pdf)
<use BeautifulGraphs-Npde-v3-025.pdf>
Package pdftex.def Info: BeautifulGraphs-Npde-v3-025.pdf  used on input line 82
1.
(pdftex.def)             Requested size: 289.07928pt x 289.07928pt.
<BeautifulGraphs-Npde-v3-026.pdf, id=336, 289.08pt x 289.08pt>
File: BeautifulGraphs-Npde-v3-026.pdf Graphic file (type pdf)
<use BeautifulGraphs-Npde-v3-026.pdf>
Package pdftex.def Info: BeautifulGraphs-Npde-v3-026.pdf  used on input line 82
8.
(pdftex.def)             Requested size: 289.07928pt x 289.07928pt.
[19 <./BeautifulGraphs-Npde-v3-025.pdf>]
consecutive:
<BeautifulGraphs-Npde-v3-028.pdf, id=355, 289.08pt x 289.08pt>
File: BeautifulGraphs-Npde-v3-028.pdf Graphic file (type pdf)
<use BeautifulGraphs-Npde-v3-028.pdf>
Package pdftex.def Info: BeautifulGraphs-Npde-v3-028.pdf  used on input line 84
3.
(pdftex.def)             Requested size: 289.07928pt x 289.07928pt.
[20 <./BeautifulGraphs-Npde-v3-026.pdf>]
consecutive:
<BeautifulGraphs-Npde-v3-030.pdf, id=373, 289.08pt x 289.08pt>
File: BeautifulGraphs-Npde-v3-030.pdf Graphic file (type pdf)
<use BeautifulGraphs-Npde-v3-030.pdf>
Package pdftex.def Info: BeautifulGraphs-Npde-v3-030.pdf  used on input line 86
7.
(pdftex.def)             Requested size: 289.07928pt x 289.07928pt.
[21 <./BeautifulGraphs-Npde-v3-028.pdf>]
consecutive:
[22 <./BeautifulGraphs-Npde-v3-030.pdf>]
<BeautifulGraphs-Npde-v3-032.pdf, id=431, 289.08pt x 289.08pt>
File: BeautifulGraphs-Npde-v3-032.pdf Graphic file (type pdf)
<use BeautifulGraphs-Npde-v3-032.pdf>
Package pdftex.def Info: BeautifulGraphs-Npde-v3-032.pdf  used on input line 91
5.
(pdftex.def)             Requested size: 289.07928pt x 289.07928pt.

consecutive:
[23 <./BeautifulGraphs-Npde-v3-032.pdf>]
<BeautifulGraphs-Npde-v3-034.pdf, id=463, 289.08pt x 289.08pt>
File: BeautifulGraphs-Npde-v3-034.pdf Graphic file (type pdf)
<use BeautifulGraphs-Npde-v3-034.pdf>
Package pdftex.def Info: BeautifulGraphs-Npde-v3-034.pdf  used on input line 10
03.
(pdftex.def)             Requested size: 289.07928pt x 289.07928pt.
 [24]
consecutive:
<BeautifulGraphs-Npde-v3-036.pdf, id=516, 289.08pt x 289.08pt>
File: BeautifulGraphs-Npde-v3-036.pdf Graphic file (type pdf)
<use BeautifulGraphs-Npde-v3-036.pdf>
Package pdftex.def Info: BeautifulGraphs-Npde-v3-036.pdf  used on input line 10
19.
(pdftex.def)             Requested size: 289.07928pt x 289.07928pt.
[25 <./BeautifulGraphs-Npde-v3-034.pdf>]
consecutive:
<BeautifulGraphs-Npde-v3-038.pdf, id=533, 433.62pt x 289.08pt>
File: BeautifulGraphs-Npde-v3-038.pdf Graphic file (type pdf)
<use BeautifulGraphs-Npde-v3-038.pdf>
Package pdftex.def Info: BeautifulGraphs-Npde-v3-038.pdf  used on input line 10
35.
(pdftex.def)             Requested size: 433.61894pt x 289.07928pt.
[26 <./BeautifulGraphs-Npde-v3-036.pdf>]
consecutive:
<BeautifulGraphs-Npde-v3-040.pdf, id=550, 433.62pt x 289.08pt>
File: BeautifulGraphs-Npde-v3-040.pdf Graphic file (type pdf)
<use BeautifulGraphs-Npde-v3-040.pdf>
Package pdftex.def Info: BeautifulGraphs-Npde-v3-040.pdf  used on input line 10
56.
(pdftex.def)             Requested size: 433.61894pt x 289.07928pt.
[27 <./BeautifulGraphs-Npde-v3-038.pdf>]
consecutive:
<BeautifulGraphs-Npde-v3-042.pdf, id=570, 325.215pt x 216.81pt>
File: BeautifulGraphs-Npde-v3-042.pdf Graphic file (type pdf)
<use BeautifulGraphs-Npde-v3-042.pdf>
Package pdftex.def Info: BeautifulGraphs-Npde-v3-042.pdf  used on input line 10
77.
(pdftex.def)             Requested size: 325.2142pt x 216.80946pt.
[28 <./BeautifulGraphs-Npde-v3-040.pdf>]
<BeautifulGraphs-Npde-v3-043.pdf, id=589, 325.215pt x 216.81pt>
File: BeautifulGraphs-Npde-v3-043.pdf Graphic file (type pdf)
<use BeautifulGraphs-Npde-v3-043.pdf>
Package pdftex.def Info: BeautifulGraphs-Npde-v3-043.pdf  used on input line 10
84.
(pdftex.def)             Requested size: 325.2142pt x 216.80946pt.

consecutive:
<BeautifulGraphs-Npde-v3-045.pdf, id=590, 325.215pt x 216.81pt>
File: BeautifulGraphs-Npde-v3-045.pdf Graphic file (type pdf)
<use BeautifulGraphs-Npde-v3-045.pdf>
Package pdftex.def Info: BeautifulGraphs-Npde-v3-045.pdf  used on input line 11
05.
(pdftex.def)             Requested size: 325.2142pt x 216.80946pt.
[29 <./BeautifulGraphs-Npde-v3-042.pdf> <./BeautifulGraphs-Npde-v3-043.pdf>]
consecutive:
<BeautifulGraphs-Npde-v3-047.pdf, id=619, 325.215pt x 216.81pt>
File: BeautifulGraphs-Npde-v3-047.pdf Graphic file (type pdf)
<use BeautifulGraphs-Npde-v3-047.pdf>
Package pdftex.def Info: BeautifulGraphs-Npde-v3-047.pdf  used on input line 11
24.
(pdftex.def)             Requested size: 325.2142pt x 216.80946pt.
consecutive:
[30 <./BeautifulGraphs-Npde-v3-045.pdf> <./BeautifulGraphs-Npde-v3-047.pdf>]
<BeautifulGraphs-Npde-v3-049.pdf, id=652, 433.62pt x 289.08pt>
File: BeautifulGraphs-Npde-v3-049.pdf Graphic file (type pdf)
<use BeautifulGraphs-Npde-v3-049.pdf>
Package pdftex.def Info: BeautifulGraphs-Npde-v3-049.pdf  used on input line 11
91.
(pdftex.def)             Requested size: 433.61894pt x 289.07928pt.

[31]
Package atveryend Info: Empty hook `BeforeClearDocument' on input line 1196.
 [32 <./BeautifulGraphs-Npde-v3-049.pdf>]
Package atveryend Info: Empty hook `AfterLastShipout' on input line 1196.
 (BeautifulGraphs-Npde-v3.aux)
Package atveryend Info: Executing hook `AtVeryEndDocument' on input line 1196.
Package atveryend Info: Executing hook `AtEndAfterFileList' on input line 1196.

Package rerunfilecheck Info: File `BeautifulGraphs-Npde-v3.out' has not changed
.
(rerunfilecheck)             Checksum: 1A9055FCBEEC13D0E366917538B3DD8D;1082.


LaTeX Font Warning: Some font shapes were not available, defaults substituted.


LaTeX Warning: There were multiply-defined labels.

 ) 
Here is how much of TeX's memory you used:
 16987 strings out of 480761
 296597 string characters out of 2893974
 920383 words of memory out of 3000000
 32396 multiletter control sequences out of 15000+200000
 569613 words of font info for 106 fonts, out of 3000000 for 9000
 1141 hyphenation exceptions out of 8191
 43i,13n,50p,846b,2312s stack positions out of 5000i,500n,10000p,200000b,50000s
<C:/Users/Romai/AppData/Local/Programs/MiKTeX 2.9/fonts/type1/public/amsfonts
/cm/cmmi10.pfb><C:/Users/Romai/AppData/Local/Programs/MiKTeX 2.9/fonts/type1/pu
blic/amsfonts/cm/cmr10.pfb><C:/Users/Romai/AppData/Local/Programs/MiKTeX 2.9/fo
nts/type1/public/amsfonts/cm/cmsltt10.pfb><C:/Users/Romai/AppData/Local/Program
s/MiKTeX 2.9/fonts/type1/public/amsfonts/cm/cmss10.pfb><C:/Users/Romai/AppData/
Local/Programs/MiKTeX 2.9/fonts/type1/public/amsfonts/cm/cmss8.pfb><C:/Users/Ro
mai/AppData/Local/Programs/MiKTeX 2.9/fonts/type1/public/amsfonts/cm/cmssbx10.p
fb><C:/Users/Romai/AppData/Local/Programs/MiKTeX 2.9/fonts/type1/public/amsfont
s/cm/cmssi10.pfb><C:/Users/Romai/AppData/Local/Programs/MiKTeX 2.9/fonts/type1/
public/amsfonts/cm/cmsy10.pfb><C:/Users/Romai/AppData/Local/Programs/MiKTeX 2.9
/fonts/type1/public/amsfonts/cm/cmtt10.pfb><C:/Users/Romai/AppData/Local/Progra
ms/MiKTeX 2.9/fonts/type1/public/amsfonts/cm/cmtt12.pfb><C:/Users/Romai/AppData
/Local/Programs/MiKTeX 2.9/fonts/type1/public/amsfonts/cm/cmtt9.pfb>
Output written on BeautifulGraphs-Npde-v3.pdf (34 pages, 931905 bytes).
PDF statistics:
 816 PDF objects out of 1000 (max. 8388607)
 278 named destinations out of 1000 (max. 500000)
 266 words of extra memory for PDF output out of 10000 (max. 10000000)

