This is pdfTeX, Version 3.14159265-2.6-1.40.18 (TeX Live 2017/Debian) (preloaded format=latex 2019.9.7)  3 FEB 2021 06:43
entering extended mode
 restricted \write18 enabled.
 %&-line parsing enabled.
**userguide_3_0.tex
(./userguide_3_0.tex
LaTeX2e <2017-04-15>
Babel <3.18> and hyphenation patterns for 84 language(s) loaded.
(/usr/share/texlive/texmf-dist/tex/latex/base/article.cls
Document Class: article 2014/09/29 v1.4h Standard LaTeX document class
(/usr/share/texlive/texmf-dist/tex/latex/base/size12.clo
File: size12.clo 2014/09/29 v1.4h Standard LaTeX file (size option)
)
\c@part=\count79
\c@section=\count80
\c@subsection=\count81
\c@subsubsection=\count82
\c@paragraph=\count83
\c@subparagraph=\count84
\c@figure=\count85
\c@table=\count86
\abovecaptionskip=\skip41
\belowcaptionskip=\skip42
\bibindent=\dimen102
)
(/usr/share/texlive/texmf-dist/tex/latex/graphics/epsfig.sty
Package: epsfig 2017/06/25 v1.7b (e)psfig emulation (SPQR)

(/usr/share/texlive/texmf-dist/tex/latex/graphics/graphicx.sty
Package: graphicx 2017/06/01 v1.1a Enhanced LaTeX Graphics (DPC,SPQR)

(/usr/share/texlive/texmf-dist/tex/latex/graphics/keyval.sty
Package: keyval 2014/10/28 v1.15 key=value parser (DPC)
\KV@toks@=\toks14
)
(/usr/share/texlive/texmf-dist/tex/latex/graphics/graphics.sty
Package: graphics 2017/06/25 v1.2c Standard LaTeX Graphics (DPC,SPQR)

(/usr/share/texlive/texmf-dist/tex/latex/graphics/trig.sty
Package: trig 2016/01/03 v1.10 sin cos tan (DPC)
)
(/usr/share/texlive/texmf-dist/tex/latex/graphics-cfg/graphics.cfg
File: graphics.cfg 2016/06/04 v1.11 sample graphics configuration
)
Package graphics Info: Driver file: dvips.def on input line 99.

(/usr/share/texlive/texmf-dist/tex/latex/graphics-def/dvips.def
File: dvips.def 2017/06/20 v3.1d Graphics/color driver for dvips
))
\Gin@req@height=\dimen103
\Gin@req@width=\dimen104
)
\epsfxsize=\dimen105
\epsfysize=\dimen106
)
(/usr/share/texlive/texmf-dist/tex/latex/graphics/color.sty
Package: color 2016/07/10 v1.1e Standard LaTeX Color (DPC)

(/usr/share/texlive/texmf-dist/tex/latex/graphics-cfg/color.cfg
File: color.cfg 2016/01/02 v1.6 sample color configuration
)
Package color Info: Driver file: dvips.def on input line 147.

(/usr/share/texlive/texmf-dist/tex/latex/graphics/dvipsnam.def
File: dvipsnam.def 2016/06/17 v3.0m Driver-dependent file (DPC,SPQR)
))
(/usr/share/texlive/texmf-dist/tex/latex/amsmath/amsmath.sty
Package: amsmath 2017/09/02 v2.17a AMS math features
\@mathmargin=\skip43

For additional information on amsmath, use the `?' option.
(/usr/share/texlive/texmf-dist/tex/latex/amsmath/amstext.sty
Package: amstext 2000/06/29 v2.01 AMS text

(/usr/share/texlive/texmf-dist/tex/latex/amsmath/amsgen.sty
File: amsgen.sty 1999/11/30 v2.0 generic functions
\@emptytoks=\toks15
\ex@=\dimen107
))
(/usr/share/texlive/texmf-dist/tex/latex/amsmath/amsbsy.sty
Package: amsbsy 1999/11/29 v1.2d Bold Symbols
\pmbraise@=\dimen108
)
(/usr/share/texlive/texmf-dist/tex/latex/amsmath/amsopn.sty
Package: amsopn 2016/03/08 v2.02 operator names
)
\inf@bad=\count87
LaTeX Info: Redefining \frac on input line 213.
\uproot@=\count88
\leftroot@=\count89
LaTeX Info: Redefining \overline on input line 375.
\classnum@=\count90
\DOTSCASE@=\count91
LaTeX Info: Redefining \ldots on input line 472.
LaTeX Info: Redefining \dots on input line 475.
LaTeX Info: Redefining \cdots on input line 596.
\Mathstrutbox@=\box26
\strutbox@=\box27
\big@size=\dimen109
LaTeX Font Info:    Redeclaring font encoding OML on input line 712.
LaTeX Font Info:    Redeclaring font encoding OMS on input line 713.
\macc@depth=\count92
\c@MaxMatrixCols=\count93
\dotsspace@=\muskip10
\c@parentequation=\count94
\dspbrk@lvl=\count95
\tag@help=\toks16
\row@=\count96
\column@=\count97
\maxfields@=\count98
\andhelp@=\toks17
\eqnshift@=\dimen110
\alignsep@=\dimen111
\tagshift@=\dimen112
\tagwidth@=\dimen113
\totwidth@=\dimen114
\lineht@=\dimen115
\@envbody=\toks18
\multlinegap=\skip44
\multlinetaggap=\skip45
\mathdisplay@stack=\toks19
LaTeX Info: Redefining \[ on input line 2817.
LaTeX Info: Redefining \] on input line 2818.
)
(/usr/share/texlive/texmf-dist/tex/latex/amsfonts/amssymb.sty
Package: amssymb 2013/01/14 v3.01 AMS font symbols

(/usr/share/texlive/texmf-dist/tex/latex/amsfonts/amsfonts.sty
Package: amsfonts 2013/01/14 v3.01 Basic AMSFonts support
\symAMSa=\mathgroup4
\symAMSb=\mathgroup5
LaTeX Font Info:    Overwriting math alphabet `\mathfrak' in version `bold'
(Font)                  U/euf/m/n --> U/euf/b/n on input line 106.
))
(/usr/share/texlive/texmf-dist/tex/latex/amscls/amsthm.sty
Package: amsthm 2017/10/31 v2.20.4
\thm@style=\toks20
\thm@bodyfont=\toks21
\thm@headfont=\toks22
\thm@notefont=\toks23
\thm@headpunct=\toks24
\thm@preskip=\skip46
\thm@postskip=\skip47
\thm@headsep=\skip48
\dth@everypar=\toks25
)
(/usr/share/texlive/texmf-dist/tex/latex/tools/indentfirst.sty
Package: indentfirst 1995/11/23 v1.03 Indent first paragraph (DPC)
)
(/usr/share/texlive/texmf-dist/tex/latex/tools/array.sty
Package: array 2016/10/06 v2.4d Tabular extension package (FMi)
\col@sep=\dimen116
\extrarowheight=\dimen117
\NC@list=\toks26
\extratabsurround=\skip49
\backup@length=\skip50
)
(/usr/share/texlive/texmf-dist/tex/latex/bbm-macros/bbm.sty
Package: bbm 1999/03/15 V 1.2 provides fonts for set symbols - TH
LaTeX Font Info:    Overwriting math alphabet `\mathbbm' in version `bold'
(Font)                  U/bbm/m/n --> U/bbm/bx/n on input line 33.
LaTeX Font Info:    Overwriting math alphabet `\mathbbmss' in version `bold'
(Font)                  U/bbmss/m/n --> U/bbmss/bx/n on input line 35.
)
(/usr/share/texlive/texmf-dist/tex/latex/graphics/lscape.sty
Package: lscape 2000/10/22 v3.01 Landscape Pages (DPC)
)
(/usr/share/texlive/texmf-dist/tex/latex/tools/longtable.sty
Package: longtable 2014/10/28 v4.11 Multi-page Table package (DPC)
\LTleft=\skip51
\LTright=\skip52
\LTpre=\skip53
\LTpost=\skip54
\LTchunksize=\count99
\LTcapwidth=\dimen118
\LT@head=\box28
\LT@firsthead=\box29
\LT@foot=\box30
\LT@lastfoot=\box31
\LT@cols=\count100
\LT@rows=\count101
\c@LT@tables=\count102
\c@LT@chunks=\count103
\LT@p@ftn=\toks27
)
(/usr/share/texlive/texmf-dist/tex/latex/tools/dcolumn.sty
Package: dcolumn 2014/10/28 v1.06 decimal alignment package (DPC)
)
(/usr/share/texlive/texmf-dist/tex/latex/base/fontenc.sty
Package: fontenc 2017/04/05 v2.0i Standard LaTeX package

(/usr/share/texlive/texmf-dist/tex/latex/base/t1enc.def
File: t1enc.def 2017/04/05 v2.0i Standard LaTeX file
LaTeX Font Info:    Redeclaring font encoding T1 on input line 48.
))
(/usr/share/texlive/texmf-dist/tex/latex/pslatex/pslatex.sty
Package: pslatex 1996/07/24 v1.2 pslatex emulation (DPC)
LaTeX Font Info:    Redeclaring symbol font `operators' on input line 65.
LaTeX Font Info:    Overwriting symbol font `operators' in version `normal'
(Font)                  OT1/cmr/m/n --> OT1/ptmcm/m/n on input line 65.
LaTeX Font Info:    Overwriting symbol font `operators' in version `bold'
(Font)                  OT1/cmr/bx/n --> OT1/ptmcm/m/n on input line 65.
LaTeX Font Info:    Redeclaring symbol font `letters' on input line 66.
LaTeX Font Info:    Overwriting symbol font `letters' in version `normal'
(Font)                  OML/cmm/m/it --> OML/ptmcm/m/it on input line 66.
LaTeX Font Info:    Overwriting symbol font `letters' in version `bold'
(Font)                  OML/cmm/b/it --> OML/ptmcm/m/it on input line 66.
LaTeX Font Info:    Redeclaring symbol font `symbols' on input line 67.
LaTeX Font Info:    Overwriting symbol font `symbols' in version `normal'
(Font)                  OMS/cmsy/m/n --> OMS/pzccm/m/n on input line 67.
LaTeX Font Info:    Overwriting symbol font `symbols' in version `bold'
(Font)                  OMS/cmsy/b/n --> OMS/pzccm/m/n on input line 67.
LaTeX Font Info:    Redeclaring symbol font `largesymbols' on input line 68.
LaTeX Font Info:    Overwriting symbol font `largesymbols' in version `normal'
(Font)                  OMX/cmex/m/n --> OMX/psycm/m/n on input line 68.
LaTeX Font Info:    Overwriting symbol font `largesymbols' in version `bold'
(Font)                  OMX/cmex/m/n --> OMX/psycm/m/n on input line 68.
\symbold=\mathgroup6
\symitalic=\mathgroup7
LaTeX Font Info:    Redeclaring math alphabet \mathbf on input line 74.
LaTeX Font Info:    Overwriting math alphabet `\mathbf' in version `normal'
(Font)                  OT1/cmr/bx/n --> OT1/ptm/bx/n on input line 74.
LaTeX Font Info:    Overwriting math alphabet `\mathbf' in version `bold'
(Font)                  OT1/cmr/bx/n --> OT1/ptm/bx/n on input line 74.
LaTeX Font Info:    Redeclaring math alphabet \mathit on input line 75.
LaTeX Font Info:    Overwriting math alphabet `\mathit' in version `normal'
(Font)                  OT1/cmr/m/it --> OT1/ptm/m/it on input line 75.
LaTeX Font Info:    Overwriting math alphabet `\mathit' in version `bold'
(Font)                  OT1/cmr/bx/it --> OT1/ptm/m/it on input line 75.
)
(/usr/share/texlive/texmf-dist/tex/latex/fancyhdr/fancyheadings.sty
Package: fancyheadings 2017/06/30 v3.9a Legacy package to call fancyhdr


Package fancyheadings Warning: Please stop using fancyheadings!
(fancyheadings)                Use fancyhdr instead.
(fancyheadings)                We will call fancyhdr with the very same
(fancyheadings)                options you passed to fancyheadings.
(fancyheadings)                
(fancyheadings)                fancyhdr is 99 percent compatible with
(fancyheadings)                fancyheadings. The only incompatibility is
(fancyheadings)                that \headrulewidth and \footrulewidth and
(fancyheadings)                their \plain... versions are no longer length
(fancyheadings)                parameters, but normal macros (to be changed
(fancyheadings)                with \renewcommand rather than \setlength)..

(/usr/share/texlive/texmf-dist/tex/latex/fancyhdr/fancyhdr.sty
Package: fancyhdr 2017/06/30 v3.9a Extensive control of page headers and footer
s
\f@nch@headwidth=\skip55
\f@nch@O@elh=\skip56
\f@nch@O@erh=\skip57
\f@nch@O@olh=\skip58
\f@nch@O@orh=\skip59
\f@nch@O@elf=\skip60
\f@nch@O@erf=\skip61
\f@nch@O@olf=\skip62
\f@nch@O@orf=\skip63
))
(/usr/share/texlive/texmf-dist/tex/latex/hyperref/hyperref.sty
Package: hyperref 2018/02/06 v6.86b Hypertext links for LaTeX

(/usr/share/texlive/texmf-dist/tex/generic/oberdiek/hobsub-hyperref.sty
Package: hobsub-hyperref 2016/05/16 v1.14 Bundle oberdiek, subset hyperref (HO)


(/usr/share/texlive/texmf-dist/tex/generic/oberdiek/hobsub-generic.sty
Package: hobsub-generic 2016/05/16 v1.14 Bundle oberdiek, subset generic (HO)
Package: hobsub 2016/05/16 v1.14 Construct package bundles (HO)
Package: infwarerr 2016/05/16 v1.4 Providing info/warning/error messages (HO)
Package: ltxcmds 2016/05/16 v1.23 LaTeX kernel commands for general use (HO)
Package: ifluatex 2016/05/16 v1.4 Provides the ifluatex switch (HO)
Package ifluatex Info: LuaTeX not detected.
Package: ifvtex 2016/05/16 v1.6 Detect VTeX and its facilities (HO)
Package ifvtex Info: VTeX not detected.
Package: intcalc 2016/05/16 v1.2 Expandable calculations with integers (HO)
Package: ifpdf 2017/03/15 v3.2 Provides the ifpdf switch
Package: etexcmds 2016/05/16 v1.6 Avoid name clashes with e-TeX commands (HO)
Package etexcmds Info: Could not find \expanded.
(etexcmds)             That can mean that you are not using pdfTeX 1.50 or
(etexcmds)             that some package has redefined \expanded.
(etexcmds)             In the latter case, load this package earlier.
Package: kvsetkeys 2016/05/16 v1.17 Key value parser (HO)
Package: kvdefinekeys 2016/05/16 v1.4 Define keys (HO)
Package: pdftexcmds 2018/01/21 v0.26 Utility functions of pdfTeX for LuaTeX (HO
)
Package pdftexcmds Info: LuaTeX not detected.
Package pdftexcmds Info: \pdf@primitive is available.
Package pdftexcmds Info: \pdf@ifprimitive is available.
Package pdftexcmds Info: \pdfdraftmode is ignored in DVI mode.
Package: pdfescape 2016/05/16 v1.14 Implements pdfTeX's escape features (HO)
Package: bigintcalc 2016/05/16 v1.4 Expandable calculations on big integers (HO
)
Package: bitset 2016/05/16 v1.2 Handle bit-vector datatype (HO)
Package: uniquecounter 2016/05/16 v1.3 Provide unlimited unique counter (HO)
)
Package hobsub Info: Skipping package `hobsub' (already loaded).
Package: letltxmacro 2016/05/16 v1.5 Let assignment for LaTeX macros (HO)
Package: hopatch 2016/05/16 v1.3 Wrapper for package hooks (HO)
Package: xcolor-patch 2016/05/16 xcolor patch
Package: atveryend 2016/05/16 v1.9 Hooks at the very end of document (HO)
Package atveryend Info: \enddocument detected (standard20110627).
Package: atbegshi 2016/06/09 v1.18 At begin shipout hook (HO)
Package: refcount 2016/05/16 v3.5 Data extraction from label references (HO)
Package: hycolor 2016/05/16 v1.8 Color options for hyperref/bookmark (HO)
)
(/usr/share/texlive/texmf-dist/tex/generic/ifxetex/ifxetex.sty
Package: ifxetex 2010/09/12 v0.6 Provides ifxetex conditional
)
(/usr/share/texlive/texmf-dist/tex/latex/oberdiek/auxhook.sty
Package: auxhook 2016/05/16 v1.4 Hooks for auxiliary files (HO)
)
(/usr/share/texlive/texmf-dist/tex/latex/oberdiek/kvoptions.sty
Package: kvoptions 2016/05/16 v3.12 Key value format for package options (HO)
)
\@linkdim=\dimen119
\Hy@linkcounter=\count104
\Hy@pagecounter=\count105

(/usr/share/texlive/texmf-dist/tex/latex/hyperref/pd1enc.def
File: pd1enc.def 2018/02/06 v6.86b Hyperref: PDFDocEncoding definition (HO)
)
\Hy@SavedSpaceFactor=\count106

(/usr/share/texlive/texmf-dist/tex/latex/latexconfig/hyperref.cfg
File: hyperref.cfg 2002/06/06 v1.2 hyperref configuration of TeXLive
)
Package hyperref Info: Option `colorlinks' set `true' on input line 4383.
Package hyperref Info: Option `hyperindex' set `true' on input line 4383.
Package hyperref Info: Hyper figures OFF on input line 4509.
Package hyperref Info: Link nesting OFF on input line 4514.
Package hyperref Info: Hyper index ON on input line 4517.
Package hyperref Info: Plain pages OFF on input line 4524.
Package hyperref Info: Backreferencing OFF on input line 4529.
Package hyperref Info: Implicit mode ON; LaTeX internals redefined.
Package hyperref Info: Bookmarks ON on input line 4762.
\c@Hy@tempcnt=\count107

(/usr/share/texlive/texmf-dist/tex/latex/url/url.sty
\Urlmuskip=\muskip11
Package: url 2013/09/16  ver 3.4  Verb mode for urls, etc.
)
LaTeX Info: Redefining \url on input line 5115.
\XeTeXLinkMargin=\dimen120
\Fld@menulength=\count108
\Field@Width=\dimen121
\Fld@charsize=\dimen122
Package hyperref Info: Hyper figures OFF on input line 6369.
Package hyperref Info: Link nesting OFF on input line 6374.
Package hyperref Info: Hyper index ON on input line 6377.
Package hyperref Info: backreferencing OFF on input line 6384.
Package hyperref Info: Link coloring ON on input line 6387.
Package hyperref Info: Link coloring with OCG OFF on input line 6394.
Package hyperref Info: PDF/A mode OFF on input line 6399.
LaTeX Info: Redefining \ref on input line 6439.
LaTeX Info: Redefining \pageref on input line 6443.
\Hy@abspage=\count109
\c@Item=\count110
\c@Hfootnote=\count111
)
Package hyperref Info: Driver: hdvips.

(/usr/share/texlive/texmf-dist/tex/latex/hyperref/hdvips.def
File: hdvips.def 2018/02/06 v6.86b Hyperref driver for dvips

(/usr/share/texlive/texmf-dist/tex/latex/hyperref/pdfmark.def
File: pdfmark.def 2018/02/06 v6.86b Hyperref definitions for pdfmark specials
\pdf@docset=\toks28
\pdf@box=\box32
\pdf@toks=\toks29
\pdf@defaulttoks=\toks30
\HyField@AnnotCount=\count112
\Fld@listcount=\count113
\c@bookmark@seq@number=\count114

(/usr/share/texlive/texmf-dist/tex/latex/oberdiek/rerunfilecheck.sty
Package: rerunfilecheck 2016/05/16 v1.8 Rerun checks for auxiliary files (HO)
Package uniquecounter Info: New unique counter `rerunfilecheck' on input line 2
82.
)
\Hy@SectionHShift=\skip64
))
(./userguide_3_0.aux)
\openout1 = `userguide_3_0.aux'.

LaTeX Font Info:    Checking defaults for OML/cmm/m/it on input line 63.
LaTeX Font Info:    ... okay on input line 63.
LaTeX Font Info:    Checking defaults for T1/cmr/m/n on input line 63.
LaTeX Font Info:    ... okay on input line 63.
LaTeX Font Info:    Checking defaults for OT1/cmr/m/n on input line 63.
LaTeX Font Info:    ... okay on input line 63.
LaTeX Font Info:    Checking defaults for OMS/pzccm/m/n on input line 63.
LaTeX Font Info:    Try loading font information for OMS+pzccm on input line 63
.

(/usr/share/texlive/texmf-dist/tex/latex/psnfss/omspzccm.fd
File: omspzccm.fd 2000/01/03 Fontinst v1.801 font definitions for OMS/pzccm.
)
LaTeX Font Info:    ... okay on input line 63.
LaTeX Font Info:    Checking defaults for OMX/cmex/m/n on input line 63.
LaTeX Font Info:    ... okay on input line 63.
LaTeX Font Info:    Checking defaults for U/cmr/m/n on input line 63.
LaTeX Font Info:    ... okay on input line 63.
LaTeX Font Info:    Checking defaults for PD1/pdf/m/n on input line 63.
LaTeX Font Info:    ... okay on input line 63.
\AtBeginShipoutBox=\box33
Package hyperref Info: Link coloring ON on input line 63.

(/usr/share/texlive/texmf-dist/tex/latex/hyperref/nameref.sty
Package: nameref 2016/05/21 v2.44 Cross-referencing by name of section

(/usr/share/texlive/texmf-dist/tex/generic/oberdiek/gettitlestring.sty
Package: gettitlestring 2016/05/16 v1.5 Cleanup title references (HO)
)
\c@section@level=\count115
)
LaTeX Info: Redefining \ref on input line 63.
LaTeX Info: Redefining \pageref on input line 63.
LaTeX Info: Redefining \nameref on input line 63.

(./userguide_3_0.out) (./userguide_3_0.out)
\@outlinefile=\write3
\openout3 = `userguide_3_0.out'.

LaTeX Font Info:    Try loading font information for OT1+ptmcm on input line 85
.

(/usr/share/texlive/texmf-dist/tex/latex/psnfss/ot1ptmcm.fd
File: ot1ptmcm.fd 2000/01/03 Fontinst v1.801 font definitions for OT1/ptmcm.
)
LaTeX Font Info:    Try loading font information for OML+ptmcm on input line 85
.

(/usr/share/texlive/texmf-dist/tex/latex/psnfss/omlptmcm.fd
File: omlptmcm.fd 2000/01/03 Fontinst v1.801 font definitions for OML/ptmcm.
)
LaTeX Font Info:    Try loading font information for OMX+psycm on input line 85
.

(/usr/share/texlive/texmf-dist/tex/latex/psnfss/omxpsycm.fd
File: omxpsycm.fd 2000/01/03 Fontinst v1.801 font definitions for OMX/psycm.
)
LaTeX Font Info:    Try loading font information for U+msa on input line 85.

(/usr/share/texlive/texmf-dist/tex/latex/amsfonts/umsa.fd
File: umsa.fd 2013/01/14 v3.01 AMS symbols A
)
LaTeX Font Info:    Try loading font information for U+msb on input line 85.

(/usr/share/texlive/texmf-dist/tex/latex/amsfonts/umsb.fd
File: umsb.fd 2013/01/14 v3.01 AMS symbols B
)
LaTeX Font Info:    Font shape `OT1/ptm/bx/n' in size <12> not available
(Font)              Font shape `OT1/ptm/b/n' tried instead on input line 85.
LaTeX Font Info:    Font shape `OT1/ptm/bx/n' in size <9> not available
(Font)              Font shape `OT1/ptm/b/n' tried instead on input line 85.
LaTeX Font Info:    Font shape `OT1/ptm/bx/n' in size <7> not available
(Font)              Font shape `OT1/ptm/b/n' tried instead on input line 85.
LaTeX Font Info:    Font shape `T1/ptm/bx/n' in size <17.28> not available
(Font)              Font shape `T1/ptm/b/n' tried instead on input line 90.
LaTeX Font Info:    Font shape `T1/ptm/bx/it' in size <17.28> not available
(Font)              Font shape `T1/ptm/b/it' tried instead on input line 96.
LaTeX Font Info:    Font shape `T1/ptm/bx/it' in size <14.4> not available
(Font)              Font shape `T1/ptm/b/it' tried instead on input line 98.
LaTeX Font Info:    Font shape `T1/ptm/bx/n' in size <14.4> not available
(Font)              Font shape `T1/ptm/b/n' tried instead on input line 111.
 [1

]
(./userguide_3_0.toc
LaTeX Font Info:    Font shape `T1/ptm/bx/n' in size <12> not available
(Font)              Font shape `T1/ptm/b/n' tried instead on input line 1.
LaTeX Font Info:    Font shape `T1/phv/m/n' will be
(Font)              scaled to size 10.79993pt on input line 4.
 [2])
\tf@toc=\write4
\openout4 = `userguide_3_0.toc'.

 [3] [4]
LaTeX Font Info:    Font shape `T1/phv/m/n' will be
(Font)              scaled to size 12.9599pt on input line 167.
 [5] [6]
Overfull \hbox (550.57976pt too wide) in paragraph at lines 227--227
[]\T1/pcr/m/n/12 title   ={Extension of NPDE for evaluation of nonlinear mixed 
effect models in presence of data below the quantification limit with applicati
ons to {HIV} dynamic model},[] 
 []

(./method.tex [7] [8] [9] [10] [11]
Overfull \hbox (6.55928pt too wide) in paragraph at lines 137--138
[]\T1/ptm/m/n/12 with the \T1/pcr/m/n/12 "ppred" \T1/ptm/m/n/12 method, pop-u-l
a-tion pre-dic-tions are com-puted us-ing the sim-u-lated datasets
 []

[12]
File: /home/eco/work/npde/doclib/figs/imputation.eps Graphic file (type eps)
 </home/eco/work/npde/doclib/figs/imputation.eps>

LaTeX Warning: `!h' float specifier changed to `!ht'.

[13] [14] [15] [16]) [17] (./package.tex [18

] [19]
Overfull \hbox (2.35904pt too wide) in paragraph at lines 77--78
\T1/ptm/m/n/12 Alternatively, one or both file-names for the ob-served and sim-
u-lated data can be re-placed by a dataframe
 []


Underfull \hbox (badness 1205) in paragraph at lines 100--100
[]|\T1/ptm/m/n/12 number of the col-umn in-di-cat-ing cen-sor-ing
 []


Underfull \hbox (badness 2245) in paragraph at lines 110--110
[]|\T1/ptm/m/n/12 whether pre-dic-tion dis-crep-an-cies should be
 []


LaTeX Warning: Float too large for page by 19.4095pt on input line 118.


LaTeX Warning: `!h' float specifier changed to `!ht'.

[20] [21] [22

] [23]
Overfull \hbox (5.90155pt too wide) in paragraph at lines 203--203
[]\T1/pcr/m/n/12 This usually means that the covariance matrix is not positive-
definite. This can[] 
 []

[24] [25] [26]
Overfull \hbox (108.95444pt too wide) in paragraph at lines 293--294
\T1/ptm/m/n/12 lected from a range equal to \T1/pcr/m/n/12 vpc.bin $\OMS/pzccm/
m/n/12 ^^F\OT1/ptmcm/m/n/12 5$\T1/ptm/m/n/12 , but a mes-sage such as:'[][]\T1/
pcr/m/n/12 In map(out$z) : no assignment to 2,4,8,11[]\T1/ptm/m/n/12 '
 []

[27] [28]) (./examples_3.0.tex
File: /home/eco/work/npde/loq_tram/loqlib/weavetest/figs/xtheo_data.eps Graphic
 file (type eps)

</home/eco/work/npde/loq_tram/loqlib/weavetest/figs/xtheo_data.eps>

LaTeX Warning: `!h' float specifier changed to `!ht'.

[29


] [30]

Package hyperref Warning: Token not allowed in a PDF string (PDFDocEncoding):
(hyperref)                removing `math shift' on input line 91.


Package hyperref Warning: Token not allowed in a PDF string (PDFDocEncoding):
(hyperref)                removing `math shift' on input line 91.


Underfull \hbox (badness 10000) in paragraph at lines 97--140

 []

[31] [32] [33] [34]
File: /home/eco/work/npde/doclib/figs/theophylline.eps Graphic file (type eps)
 </home/eco/work/npde/doclib/figs/theophylline.eps> [35]
File: /home/eco/work/npde/doclib/figs/theophylline_vpc.eps Graphic file (type e
ps)

</home/eco/work/npde/doclib/figs/theophylline_vpc.eps> [36] [37] [38

] [39]
Overfull \hbox (31.57889pt too wide) in paragraph at lines 401--402
 []\T1/ptm/b/n/12 Data:[] \T1/ptm/m/n/12 Fig-ure [][][][][][] shows a plot of t
he data for the dataset with the high-est level of cen-sor-ing (LOQ=50 cp/mL),
 []

File: /home/eco/work/npde/doclib/figs/doc_data50.eps Graphic file (type eps)
</home/eco/work/npde/doclib/figs/doc_data50.eps> [40]
Overfull \hbox (24.26149pt too wide) in paragraph at lines 417--417
[]\T1/pcr/m/n/12 plot(x50,plot.type="data",new=F,ylab="Viral load (cp/mL, in lo
g10)",plot.loq=FALSE)[] 
 []


Overfull \hbox (36.50145pt too wide) in paragraph at lines 417--417
[]\T1/pcr/m/n/12 plot(x50,plot.type="data",new=F,ylab="Viral load (cp/mL, in lo
g10)",impute.loq=FALSE)[] 
 []

File: /home/eco/work/npde/loq_tram/loqlib/weavetest/figs/x50_cdf.eps Graphic fi
le (type eps)
</home/eco/work/npde/loq_tram/loqlib/weavetest/figs/x50_cdf.eps>
File: /home/eco/work/npde/loq_tram/loqlib/weavetest/figs/x50_omit.eps Graphic f
ile (type eps)

</home/eco/work/npde/loq_tram/loqlib/weavetest/figs/x50_omit.eps>

LaTeX Warning: `!h' float specifier changed to `!ht'.

File: /home/eco/work/npde/loq_tram/loqlib/weavetest/figs/x50_ipred.eps Graphic 
file (type eps)
</home/eco/work/npde/loq_tram/loqlib/weavetest/figs/x50_ipred.eps>

LaTeX Warning: `!h' float specifier changed to `!ht'.

[41] [42]
File: /home/eco/work/npde/loq_tram/loqlib/weavetest/figs/x50_ppred.eps Graphic 
file (type eps)
 </home/eco/work/npde/loq_tram/loqlib/weavetest/figs/x50_ppred.eps>
File: /home/eco/work/npde/doclib/figs/doc_vpc50.eps Graphic file (type eps)

</home/eco/work/npde/doclib/figs/doc_vpc50.eps>
Overfull \hbox (8.5976pt too wide) in paragraph at lines 464--465
 [] 
 []

[43

]
File: /home/eco/work/npde/loq_tram/loqlib/weavetest/figs/virload_ploq.eps Graph
ic file (type eps)
 </home/eco/work/npde/loq_tram/loqlib/weavetest/figs/virload_ploq.eps>
[44

]
File: /home/eco/work/npde/doclib/figs/doc_xscatter50.eps Graphic file (type eps
)
 </home/eco/work/npde/doclib/figs/doc_xscatter50.eps>
Overfull \hbox (8.5976pt too wide) in paragraph at lines 495--496
 [] 
 []

[45

] [46

]
File: /home/eco/work/npde/loq_tram/loqlib/weavetest/figs/remi_default.eps Graph
ic file (type eps)

</home/eco/work/npde/loq_tram/loqlib/weavetest/figs/remi_default.eps>
Overfull \hbox (8.5976pt too wide) in paragraph at lines 573--574
 [] 
 []


LaTeX Warning: `!h' float specifier changed to `!ht'.

[47]
File: /home/eco/work/npde/loq_tram/loqlib/weavetest/figs/doc_remi1.eps Graphic 
file (type eps)
 </home/eco/work/npde/loq_tram/loqlib/weavetest/figs/doc_remi1.eps>

LaTeX Warning: `!h' float specifier changed to `!ht'.

[48]
File: /home/eco/work/npde/loq_tram/loqlib/weavetest/figs/doc_remi2.eps Graphic 
file (type eps)
 </home/eco/work/npde/loq_tram/loqlib/weavetest/figs/doc_remi2.eps>
[49]
Overfull \hbox (72.51274pt too wide) in paragraph at lines 649--650
[] []\T1/pcr/m/n/12 plot(x,plot.type="cov.x.scatter") []\T1/ptm/m/n/12 is equiv
-a-lent to [] []\T1/pcr/m/n/12 plot(x,plot.type="x.scatter",covsplit=TRUE)[]\T1
/ptm/m/n/12 . 
 []

[50] [51]
LaTeX Font Info:    Font shape `T1/ptm/bx/it' in size <12> not available
(Font)              Font shape `T1/ptm/b/it' tried instead on input line 679.


LaTeX Warning: Float too large for page by 0.5594pt on input line 704.


LaTeX Warning: `h' float specifier changed to `ht'.

[52]
Overfull \hbox (38.19258pt too wide) in paragraph at lines 722--723
[]|\T1/ptm/m/n/12 c("res.vs.x","res.vs.pred",| 
 []


Underfull \hbox (badness 1199) in paragraph at lines 723--723
[]|\T1/ptm/m/n/12 versus X, "res.vs.pred": scat-ter-plot ver-sus pre-dic-tions,

 []


Overfull \hbox (29.91214pt too wide) in paragraph at lines 723--724
[]|\T1/ptm/m/n/12 "dist.qqplot","dist.hist")| 
 []


Underfull \hbox (badness 10000) in paragraph at lines 767--767
[]|\T1/ptm/m/n/12 Vector of breaks used with user-defined breaks
 []

[53

]
Overfull \vbox (0.53761pt too high) has occurred while \output is active []


[54]) (./userguide_3_0.bbl [55


]) (./appendix.tex [56] [57] [58] [59]
Overfull \hbox (7.73676pt too wide) in paragraph at lines 132--132
[] \T1/pcr/m/n/10.95 **********************************************************
*****************************[] 
 []


Overfull \hbox (7.73676pt too wide) in paragraph at lines 132--132
[] \T1/pcr/m/n/10.95 **********                                                
                    *********[] 
 []


Overfull \hbox (7.73676pt too wide) in paragraph at lines 132--132
[] \T1/pcr/m/n/10.95 **********               MINIMUM VALUE OF OBJECTIVE FUNCTI
ON                  *********[] 
 []


Overfull \hbox (7.73676pt too wide) in paragraph at lines 132--132
[] \T1/pcr/m/n/10.95 **********                                                
                    *********[] 
 []


Overfull \hbox (7.73676pt too wide) in paragraph at lines 132--132
[] \T1/pcr/m/n/10.95 **********************************************************
*****************************[] 
 []


Overfull \hbox (7.73676pt too wide) in paragraph at lines 132--132
[] \T1/pcr/m/n/10.95 ***************************         86.664     ***********
*****************************[] 
 []


Overfull \hbox (7.73676pt too wide) in paragraph at lines 132--132
[] \T1/pcr/m/n/10.95 **********************************************************
*****************************[] 
 []


Overfull \hbox (7.73676pt too wide) in paragraph at lines 132--132
[] \T1/pcr/m/n/10.95 **********                                                
                    *********[] 
 []


Overfull \hbox (7.73676pt too wide) in paragraph at lines 132--132
[] \T1/pcr/m/n/10.95 **********                     FINAL PARAMETER ESTIMATE   
                   **********[] 
 []


Overfull \hbox (7.73676pt too wide) in paragraph at lines 132--132
[] \T1/pcr/m/n/10.95 **********                                                
                    *********[] 
 []


Overfull \hbox (7.73676pt too wide) in paragraph at lines 132--132
[] \T1/pcr/m/n/10.95 **********************************************************
*****************************[] 
 []

[60] [61] [62]
Underfull \hbox (badness 10000) in paragraph at lines 213--216

 []

)
Package atveryend Info: Empty hook `BeforeClearDocument' on input line 245.
 [63]
Package atveryend Info: Empty hook `AfterLastShipout' on input line 245.
 (./userguide_3_0.aux)
Package atveryend Info: Empty hook `AtVeryEndDocument' on input line 245.
Package atveryend Info: Executing hook `AtEndAfterFileList' on input line 245.
Package rerunfilecheck Info: File `userguide_3_0.out' has not changed.
(rerunfilecheck)             Checksum: E3757B1D53EDBB02345F1655D81E4F59;4443.
Package atveryend Info: Empty hook `AtVeryVeryEnd' on input line 245.
 ) 
Here is how much of TeX's memory you used:
 6711 strings out of 492983
 96455 string characters out of 6134923
 196451 words of memory out of 5000000
 10145 multiletter control sequences out of 15000+600000
 47301 words of font info for 60 fonts, out of 8000000 for 9000
 1141 hyphenation exceptions out of 8191
 32i,13n,45p,1077b,491s stack positions out of 5000i,500n,10000p,200000b,80000s

Output written on userguide_3_0.dvi (63 pages, 272316 bytes).
