This is pdfTeX, Version 3.14159265-2.6-1.40.20 (TeX Live 2019/Debian) (preloaded format=latex 2022.9.5)  13 OCT 2022 11:02
entering extended mode
 restricted \write18 enabled.
 %&-line parsing enabled.
**userguide_3_3.tex
(./userguide_3_3.tex
LaTeX2e <2020-02-02> patch level 2
L3 programming layer <2020-02-14>
(/usr/share/texlive/texmf-dist/tex/latex/base/article.cls
Document Class: article 2019/12/20 v1.4l Standard LaTeX document class
(/usr/share/texlive/texmf-dist/tex/latex/base/size12.clo
File: size12.clo 2019/12/20 v1.4l Standard LaTeX file (size option)
)
\c@part=\count167
\c@section=\count168
\c@subsection=\count169
\c@subsubsection=\count170
\c@paragraph=\count171
\c@subparagraph=\count172
\c@figure=\count173
\c@table=\count174
\abovecaptionskip=\skip47
\belowcaptionskip=\skip48
\bibindent=\dimen134
)
(/usr/share/texlive/texmf-dist/tex/latex/graphics/epsfig.sty
Package: epsfig 2017/06/25 v1.7b (e)psfig emulation (SPQR)

(/usr/share/texlive/texmf-dist/tex/latex/graphics/graphicx.sty
Package: graphicx 2019/11/30 v1.2a Enhanced LaTeX Graphics (DPC,SPQR)

(/usr/share/texlive/texmf-dist/tex/latex/graphics/keyval.sty
Package: keyval 2014/10/28 v1.15 key=value parser (DPC)
\KV@toks@=\toks14
)
(/usr/share/texlive/texmf-dist/tex/latex/graphics/graphics.sty
Package: graphics 2019/11/30 v1.4a Standard LaTeX Graphics (DPC,SPQR)

(/usr/share/texlive/texmf-dist/tex/latex/graphics/trig.sty
Package: trig 2016/01/03 v1.10 sin cos tan (DPC)
)
(/usr/share/texlive/texmf-dist/tex/latex/graphics-cfg/graphics.cfg
File: graphics.cfg 2016/06/04 v1.11 sample graphics configuration
)
Package graphics Info: Driver file: dvips.def on input line 105.

(/usr/share/texlive/texmf-dist/tex/latex/graphics-def/dvips.def
File: dvips.def 2017/06/20 v3.1d Graphics/color driver for dvips
))
\Gin@req@height=\dimen135
\Gin@req@width=\dimen136
)
\epsfxsize=\dimen137
\epsfysize=\dimen138
)
(/usr/share/texlive/texmf-dist/tex/latex/amsmath/amsmath.sty
Package: amsmath 2020/01/20 v2.17e AMS math features
\@mathmargin=\skip49

For additional information on amsmath, use the `?' option.
(/usr/share/texlive/texmf-dist/tex/latex/amsmath/amstext.sty
Package: amstext 2000/06/29 v2.01 AMS text

(/usr/share/texlive/texmf-dist/tex/latex/amsmath/amsgen.sty
File: amsgen.sty 1999/11/30 v2.0 generic functions
\@emptytoks=\toks15
\ex@=\dimen139
))
(/usr/share/texlive/texmf-dist/tex/latex/amsmath/amsbsy.sty
Package: amsbsy 1999/11/29 v1.2d Bold Symbols
\pmbraise@=\dimen140
)
(/usr/share/texlive/texmf-dist/tex/latex/amsmath/amsopn.sty
Package: amsopn 2016/03/08 v2.02 operator names
)
\inf@bad=\count175
LaTeX Info: Redefining \frac on input line 227.
\uproot@=\count176
\leftroot@=\count177
LaTeX Info: Redefining \overline on input line 389.
\classnum@=\count178
\DOTSCASE@=\count179
LaTeX Info: Redefining \ldots on input line 486.
LaTeX Info: Redefining \dots on input line 489.
LaTeX Info: Redefining \cdots on input line 610.
\Mathstrutbox@=\box45
\strutbox@=\box46
\big@size=\dimen141
LaTeX Font Info:    Redeclaring font encoding OML on input line 733.
LaTeX Font Info:    Redeclaring font encoding OMS on input line 734.
\macc@depth=\count180
\c@MaxMatrixCols=\count181
\dotsspace@=\muskip16
\c@parentequation=\count182
\dspbrk@lvl=\count183
\tag@help=\toks16
\row@=\count184
\column@=\count185
\maxfields@=\count186
\andhelp@=\toks17
\eqnshift@=\dimen142
\alignsep@=\dimen143
\tagshift@=\dimen144
\tagwidth@=\dimen145
\totwidth@=\dimen146
\lineht@=\dimen147
\@envbody=\toks18
\multlinegap=\skip50
\multlinetaggap=\skip51
\mathdisplay@stack=\toks19
LaTeX Info: Redefining \[ on input line 2859.
LaTeX Info: Redefining \] on input line 2860.
)
(/usr/share/texlive/texmf-dist/tex/latex/amsfonts/amssymb.sty
Package: amssymb 2013/01/14 v3.01 AMS font symbols

(/usr/share/texlive/texmf-dist/tex/latex/amsfonts/amsfonts.sty
Package: amsfonts 2013/01/14 v3.01 Basic AMSFonts support
\symAMSa=\mathgroup4
\symAMSb=\mathgroup5
LaTeX Font Info:    Redeclaring math symbol \hbar on input line 98.
LaTeX Font Info:    Overwriting math alphabet `\mathfrak' in version `bold'
(Font)                  U/euf/m/n --> U/euf/b/n on input line 106.
))
(/usr/share/texlive/texmf-dist/tex/latex/amscls/amsthm.sty
Package: amsthm 2017/10/31 v2.20.4
\thm@style=\toks20
\thm@bodyfont=\toks21
\thm@headfont=\toks22
\thm@notefont=\toks23
\thm@headpunct=\toks24
\thm@preskip=\skip52
\thm@postskip=\skip53
\thm@headsep=\skip54
\dth@everypar=\toks25
)
(/usr/share/texlive/texmf-dist/tex/latex/tools/indentfirst.sty
Package: indentfirst 1995/11/23 v1.03 Indent first paragraph (DPC)
)
(/usr/share/texlive/texmf-dist/tex/latex/tools/array.sty
Package: array 2019/08/31 v2.4l Tabular extension package (FMi)
\col@sep=\dimen148
\ar@mcellbox=\box47
\extrarowheight=\dimen149
\NC@list=\toks26
\extratabsurround=\skip55
\backup@length=\skip56
\ar@cellbox=\box48
)
(/usr/share/texlive/texmf-dist/tex/latex/bbm-macros/bbm.sty
Package: bbm 1999/03/15 V 1.2 provides fonts for set symbols - TH
LaTeX Font Info:    Overwriting math alphabet `\mathbbm' in version `bold'
(Font)                  U/bbm/m/n --> U/bbm/bx/n on input line 33.
LaTeX Font Info:    Overwriting math alphabet `\mathbbmss' in version `bold'
(Font)                  U/bbmss/m/n --> U/bbmss/bx/n on input line 35.
)
(/usr/share/texlive/texmf-dist/tex/latex/graphics/lscape.sty
Package: lscape 2000/10/22 v3.01 Landscape Pages (DPC)
)
(/usr/share/texlive/texmf-dist/tex/latex/tools/longtable.sty
Package: longtable 2020/01/07 v4.13 Multi-page Table package (DPC)
\LTleft=\skip57
\LTright=\skip58
\LTpre=\skip59
\LTpost=\skip60
\LTchunksize=\count187
\LTcapwidth=\dimen150
\LT@head=\box49
\LT@firsthead=\box50
\LT@foot=\box51
\LT@lastfoot=\box52
\LT@cols=\count188
\LT@rows=\count189
\c@LT@tables=\count190
\c@LT@chunks=\count191
\LT@p@ftn=\toks27
)
(/usr/share/texlive/texmf-dist/tex/latex/tools/dcolumn.sty
Package: dcolumn 2014/10/28 v1.06 decimal alignment package (DPC)
)
(/usr/share/texlive/texmf-dist/tex/latex/base/fontenc.sty
Package: fontenc 2020/02/11 v2.0o Standard LaTeX package
)
(/usr/share/texlive/texmf-dist/tex/latex/pslatex/pslatex.sty
Package: pslatex 1996/07/24 v1.2 pslatex emulation (DPC)
LaTeX Font Info:    Redeclaring symbol font `operators' on input line 65.
LaTeX Font Info:    Overwriting symbol font `operators' in version `normal'
(Font)                  OT1/cmr/m/n --> OT1/ptmcm/m/n on input line 65.
LaTeX Font Info:    Overwriting symbol font `operators' in version `bold'
(Font)                  OT1/cmr/bx/n --> OT1/ptmcm/m/n on input line 65.
LaTeX Font Info:    Redeclaring symbol font `letters' on input line 66.
LaTeX Font Info:    Overwriting symbol font `letters' in version `normal'
(Font)                  OML/cmm/m/it --> OML/ptmcm/m/it on input line 66.
LaTeX Font Info:    Overwriting symbol font `letters' in version `bold'
(Font)                  OML/cmm/b/it --> OML/ptmcm/m/it on input line 66.
LaTeX Font Info:    Redeclaring symbol font `symbols' on input line 67.
LaTeX Font Info:    Overwriting symbol font `symbols' in version `normal'
(Font)                  OMS/cmsy/m/n --> OMS/pzccm/m/n on input line 67.
LaTeX Font Info:    Overwriting symbol font `symbols' in version `bold'
(Font)                  OMS/cmsy/b/n --> OMS/pzccm/m/n on input line 67.
LaTeX Font Info:    Redeclaring symbol font `largesymbols' on input line 68.
LaTeX Font Info:    Overwriting symbol font `largesymbols' in version `normal'
(Font)                  OMX/cmex/m/n --> OMX/psycm/m/n on input line 68.
LaTeX Font Info:    Overwriting symbol font `largesymbols' in version `bold'
(Font)                  OMX/cmex/m/n --> OMX/psycm/m/n on input line 68.
\symbold=\mathgroup6
\symitalic=\mathgroup7
LaTeX Font Info:    Redeclaring math alphabet \mathbf on input line 74.
LaTeX Font Info:    Overwriting math alphabet `\mathbf' in version `normal'
(Font)                  OT1/cmr/bx/n --> OT1/ptm/bx/n on input line 74.
LaTeX Font Info:    Overwriting math alphabet `\mathbf' in version `bold'
(Font)                  OT1/cmr/bx/n --> OT1/ptm/bx/n on input line 74.
LaTeX Font Info:    Redeclaring math alphabet \mathit on input line 75.
LaTeX Font Info:    Overwriting math alphabet `\mathit' in version `normal'
(Font)                  OT1/cmr/m/it --> OT1/ptm/m/it on input line 75.
LaTeX Font Info:    Overwriting math alphabet `\mathit' in version `bold'
(Font)                  OT1/cmr/bx/it --> OT1/ptm/m/it on input line 75.
)
(/usr/share/texlive/texmf-dist/tex/latex/fancyhdr/fancyheadings.sty
Package: fancyheadings 2019/01/31 v3.10 Legacy package to call fancyhdr


Package fancyheadings Warning: Please stop using fancyheadings!
(fancyheadings)                Use fancyhdr instead.
(fancyheadings)                We will call fancyhdr with the very same
(fancyheadings)                options you passed to fancyheadings.
(fancyheadings)                
(fancyheadings)                fancyhdr is 99 percent compatible with
(fancyheadings)                fancyheadings. The only incompatibility is
(fancyheadings)                that \headrulewidth and \footrulewidth and
(fancyheadings)                their \plain... versions are no longer length
(fancyheadings)                parameters, but normal macros (to be changed
(fancyheadings)                with \renewcommand rather than \setlength)..

(/usr/share/texlive/texmf-dist/tex/latex/fancyhdr/fancyhdr.sty
Package: fancyhdr 2019/01/31 v3.10 Extensive control of page headers and footer
s
\f@nch@headwidth=\skip61
\f@nch@O@elh=\skip62
\f@nch@O@erh=\skip63
\f@nch@O@olh=\skip64
\f@nch@O@orh=\skip65
\f@nch@O@elf=\skip66
\f@nch@O@erf=\skip67
\f@nch@O@olf=\skip68
\f@nch@O@orf=\skip69
))
(/usr/share/texlive/texmf-dist/tex/latex/graphics/color.sty
Package: color 2019/11/23 v1.2a Standard LaTeX Color (DPC)

(/usr/share/texlive/texmf-dist/tex/latex/graphics-cfg/color.cfg
File: color.cfg 2016/01/02 v1.6 sample color configuration
)
Package color Info: Driver file: dvips.def on input line 147.

(/usr/share/texlive/texmf-dist/tex/latex/graphics/dvipsnam.def
File: dvipsnam.def 2016/06/17 v3.0m Driver-dependent file (DPC,SPQR)
))
(/usr/share/texlive/texmf-dist/tex/latex/hyperref/hyperref.sty
Package: hyperref 2020/01/14 v7.00d Hypertext links for LaTeX

(/usr/share/texlive/texmf-dist/tex/generic/ltxcmds/ltxcmds.sty
Package: ltxcmds 2019/12/15 v1.24 LaTeX kernel commands for general use (HO)
)
(/usr/share/texlive/texmf-dist/tex/generic/iftex/iftex.sty
Package: iftex 2019/11/07 v1.0c TeX engine tests
)
(/usr/share/texlive/texmf-dist/tex/latex/pdftexcmds/pdftexcmds.sty
Package: pdftexcmds 2019/11/24 v0.31 Utility functions of pdfTeX for LuaTeX (HO
)

(/usr/share/texlive/texmf-dist/tex/generic/infwarerr/infwarerr.sty
Package: infwarerr 2019/12/03 v1.5 Providing info/warning/error messages (HO)
)
Package pdftexcmds Info: \pdf@primitive is available.
Package pdftexcmds Info: \pdf@ifprimitive is available.
Package pdftexcmds Info: \pdfdraftmode is ignored in DVI mode.
)
(/usr/share/texlive/texmf-dist/tex/generic/kvsetkeys/kvsetkeys.sty
Package: kvsetkeys 2019/12/15 v1.18 Key value parser (HO)
)
(/usr/share/texlive/texmf-dist/tex/generic/kvdefinekeys/kvdefinekeys.sty
Package: kvdefinekeys 2019-12-19 v1.6 Define keys (HO)
)
(/usr/share/texlive/texmf-dist/tex/generic/pdfescape/pdfescape.sty
Package: pdfescape 2019/12/09 v1.15 Implements pdfTeX's escape features (HO)
)
(/usr/share/texlive/texmf-dist/tex/latex/hycolor/hycolor.sty
Package: hycolor 2020-01-27 v1.10 Color options for hyperref/bookmark (HO)
)
(/usr/share/texlive/texmf-dist/tex/latex/letltxmacro/letltxmacro.sty
Package: letltxmacro 2019/12/03 v1.6 Let assignment for LaTeX macros (HO)
)
(/usr/share/texlive/texmf-dist/tex/latex/auxhook/auxhook.sty
Package: auxhook 2019-12-17 v1.6 Hooks for auxiliary files (HO)
)
(/usr/share/texlive/texmf-dist/tex/latex/kvoptions/kvoptions.sty
Package: kvoptions 2019/11/29 v3.13 Key value format for package options (HO)
)
\@linkdim=\dimen151
\Hy@linkcounter=\count192
\Hy@pagecounter=\count193

(/usr/share/texlive/texmf-dist/tex/latex/hyperref/pd1enc.def
File: pd1enc.def 2020/01/14 v7.00d Hyperref: PDFDocEncoding definition (HO)
Now handling font encoding PD1 ...
... no UTF-8 mapping file for font encoding PD1
)
(/usr/share/texlive/texmf-dist/tex/generic/intcalc/intcalc.sty
Package: intcalc 2019/12/15 v1.3 Expandable calculations with integers (HO)
)
(/usr/share/texlive/texmf-dist/tex/generic/etexcmds/etexcmds.sty
Package: etexcmds 2019/12/15 v1.7 Avoid name clashes with e-TeX commands (HO)
)
\Hy@SavedSpaceFactor=\count194
\pdfmajorversion=\count195
Package hyperref Info: Option `colorlinks' set `true' on input line 4421.
Package hyperref Info: Option `hyperindex' set `true' on input line 4421.
Package hyperref Info: Hyper figures OFF on input line 4547.
Package hyperref Info: Link nesting OFF on input line 4552.
Package hyperref Info: Hyper index ON on input line 4555.
Package hyperref Info: Plain pages OFF on input line 4562.
Package hyperref Info: Backreferencing OFF on input line 4567.
Package hyperref Info: Implicit mode ON; LaTeX internals redefined.
Package hyperref Info: Bookmarks ON on input line 4800.
\c@Hy@tempcnt=\count196

(/usr/share/texlive/texmf-dist/tex/latex/url/url.sty
\Urlmuskip=\muskip17
Package: url 2013/09/16  ver 3.4  Verb mode for urls, etc.
)
LaTeX Info: Redefining \url on input line 5159.
\XeTeXLinkMargin=\dimen152

(/usr/share/texlive/texmf-dist/tex/generic/bitset/bitset.sty
Package: bitset 2019/12/09 v1.3 Handle bit-vector datatype (HO)

(/usr/share/texlive/texmf-dist/tex/generic/bigintcalc/bigintcalc.sty
Package: bigintcalc 2019/12/15 v1.5 Expandable calculations on big integers (HO
)
))
\Fld@menulength=\count197
\Field@Width=\dimen153
\Fld@charsize=\dimen154
Package hyperref Info: Hyper figures OFF on input line 6430.
Package hyperref Info: Link nesting OFF on input line 6435.
Package hyperref Info: Hyper index ON on input line 6438.
Package hyperref Info: backreferencing OFF on input line 6445.
Package hyperref Info: Link coloring ON on input line 6448.
Package hyperref Info: Link coloring with OCG OFF on input line 6455.
Package hyperref Info: PDF/A mode OFF on input line 6460.
LaTeX Info: Redefining \ref on input line 6500.
LaTeX Info: Redefining \pageref on input line 6504.

(/usr/share/texlive/texmf-dist/tex/generic/atbegshi/atbegshi.sty
Package: atbegshi 2019/12/05 v1.19 At begin shipout hook (HO)
)
\Hy@abspage=\count198
\c@Item=\count199
\c@Hfootnote=\count266
)
Package hyperref Info: Driver: hdvips.

(/usr/share/texlive/texmf-dist/tex/latex/hyperref/hdvips.def
File: hdvips.def 2020/01/14 v7.00d Hyperref driver for dvips

(/usr/share/texlive/texmf-dist/tex/latex/hyperref/pdfmark.def
File: pdfmark.def 2020/01/14 v7.00d Hyperref definitions for pdfmark specials
\pdf@docset=\toks28
\pdf@box=\box53
\pdf@toks=\toks29
\pdf@defaulttoks=\toks30
\HyField@AnnotCount=\count267
\Fld@listcount=\count268
\c@bookmark@seq@number=\count269

(/usr/share/texlive/texmf-dist/tex/latex/rerunfilecheck/rerunfilecheck.sty
Package: rerunfilecheck 2019/12/05 v1.9 Rerun checks for auxiliary files (HO)

(/usr/share/texlive/texmf-dist/tex/latex/atveryend/atveryend.sty
Package: atveryend 2019-12-11 v1.11 Hooks at the very end of document (HO)
Package atveryend Info: \enddocument detected (standard20110627).
)
(/usr/share/texlive/texmf-dist/tex/generic/uniquecounter/uniquecounter.sty
Package: uniquecounter 2019/12/15 v1.4 Provide unlimited unique counter (HO)
)
Package uniquecounter Info: New unique counter `rerunfilecheck' on input line 2
86.
)
\Hy@SectionHShift=\skip70
))
(/usr/share/texlive/texmf-dist/tex/latex/l3backend/l3backend-dvips.def
File: l3backend-dvips.def 2020-02-03 L3 backend support: dvips
\l__pdf_internal_box=\box54
\g__pdf_backend_object_int=\count270
\l__pdf_backend_content_box=\box55
\l__pdf_backend_model_box=\box56
\g__pdf_backend_annotation_int=\count271
\g__pdf_backend_link_int=\count272
\g__pdf_backend_link_sf_int=\count273
)
(./userguide_3_3.aux)
\openout1 = `userguide_3_3.aux'.

LaTeX Font Info:    Checking defaults for OML/cmm/m/it on input line 65.
LaTeX Font Info:    ... okay on input line 65.
LaTeX Font Info:    Checking defaults for OMS/pzccm/m/n on input line 65.
LaTeX Font Info:    Trying to load font information for OMS+pzccm on input line
 65.

(/usr/share/texlive/texmf-dist/tex/latex/psnfss/omspzccm.fd
File: omspzccm.fd 2000/01/03 Fontinst v1.801 font definitions for OMS/pzccm.
)
LaTeX Font Info:    ... okay on input line 65.
LaTeX Font Info:    Checking defaults for OT1/cmr/m/n on input line 65.
LaTeX Font Info:    ... okay on input line 65.
LaTeX Font Info:    Checking defaults for T1/cmr/m/n on input line 65.
LaTeX Font Info:    ... okay on input line 65.
LaTeX Font Info:    Checking defaults for TS1/cmr/m/n on input line 65.
LaTeX Font Info:    ... okay on input line 65.
LaTeX Font Info:    Checking defaults for OMX/cmex/m/n on input line 65.
LaTeX Font Info:    ... okay on input line 65.
LaTeX Font Info:    Checking defaults for U/cmr/m/n on input line 65.
LaTeX Font Info:    ... okay on input line 65.
LaTeX Font Info:    Checking defaults for PD1/pdf/m/n on input line 65.
LaTeX Font Info:    ... okay on input line 65.
\AtBeginShipoutBox=\box57
Package hyperref Info: Link coloring ON on input line 65.

(/usr/share/texlive/texmf-dist/tex/latex/hyperref/nameref.sty
Package: nameref 2019/09/16 v2.46 Cross-referencing by name of section

(/usr/share/texlive/texmf-dist/tex/latex/refcount/refcount.sty
Package: refcount 2019/12/15 v3.6 Data extraction from label references (HO)
)
(/usr/share/texlive/texmf-dist/tex/generic/gettitlestring/gettitlestring.sty
Package: gettitlestring 2019/12/15 v1.6 Cleanup title references (HO)
)
\c@section@level=\count274
)
LaTeX Info: Redefining \ref on input line 65.
LaTeX Info: Redefining \pageref on input line 65.
LaTeX Info: Redefining \nameref on input line 65.

(./userguide_3_3.out) (./userguide_3_3.out)
\@outlinefile=\write3
\openout3 = `userguide_3_3.out'.

LaTeX Font Info:    Trying to load font information for OT1+ptmcm on input line
 87.

(/usr/share/texlive/texmf-dist/tex/latex/psnfss/ot1ptmcm.fd
File: ot1ptmcm.fd 2000/01/03 Fontinst v1.801 font definitions for OT1/ptmcm.
)
LaTeX Font Info:    Trying to load font information for OML+ptmcm on input line
 87.

(/usr/share/texlive/texmf-dist/tex/latex/psnfss/omlptmcm.fd
File: omlptmcm.fd 2000/01/03 Fontinst v1.801 font definitions for OML/ptmcm.
)
LaTeX Font Info:    Trying to load font information for OMX+psycm on input line
 87.

(/usr/share/texlive/texmf-dist/tex/latex/psnfss/omxpsycm.fd
File: omxpsycm.fd 2000/01/03 Fontinst v1.801 font definitions for OMX/psycm.
)
LaTeX Font Info:    Trying to load font information for U+msa on input line 87.


(/usr/share/texlive/texmf-dist/tex/latex/amsfonts/umsa.fd
File: umsa.fd 2013/01/14 v3.01 AMS symbols A
)
LaTeX Font Info:    Trying to load font information for U+msb on input line 87.


(/usr/share/texlive/texmf-dist/tex/latex/amsfonts/umsb.fd
File: umsb.fd 2013/01/14 v3.01 AMS symbols B
)
LaTeX Font Info:    Font shape `OT1/ptm/bx/n' in size <12> not available
(Font)              Font shape `OT1/ptm/b/n' tried instead on input line 87.
LaTeX Font Info:    Font shape `OT1/ptm/bx/n' in size <9> not available
(Font)              Font shape `OT1/ptm/b/n' tried instead on input line 87.
LaTeX Font Info:    Font shape `OT1/ptm/bx/n' in size <7> not available
(Font)              Font shape `OT1/ptm/b/n' tried instead on input line 87.
 [1

]
(./userguide_3_3.toc
LaTeX Font Info:    Font shape `T1/phv/m/n' will be
(Font)              scaled to size 10.79993pt on input line 5.
 [2])
\tf@toc=\write4
\openout4 = `userguide_3_3.toc'.

 [3] [4]
LaTeX Font Info:    Font shape `T1/phv/m/n' will be
(Font)              scaled to size 12.9599pt on input line 179.
 [5

] [6]
Overfull \hbox (24.26149pt too wide) in paragraph at lines 258--258
[]\T1/pcr/m/n/12 author  ={Karl Brendel and Emmanuelle Comets and Céline Laffon
t and France Mentré},[] 
 []


Overfull \hbox (226.22083pt too wide) in paragraph at lines 258--258
[]\T1/pcr/m/n/12 title   ={Evaluation of different tests based on observations 
for external model evaluation of population analyses},[] 
 []


Overfull \hbox (48.74141pt too wide) in paragraph at lines 258--258
[]\T1/pcr/m/n/12 title   ={Extension of NPDE for evaluation of nonlinear mixed 
effect models in presence[] 
 []


Overfull \hbox (12.02153pt too wide) in paragraph at lines 258--258
[]\T1/pcr/m/n/12 of data below the quantification limit with applications to {H
IV} dynamic model},[] 
 []

[7]
Overfull \hbox (54.86139pt too wide) in paragraph at lines 258--258
[]\T1/pcr/m/n/12 journal ={22nd meeting of the {P}opulation {A}pproach {G}roup 
in {E}urope, Glasgow, UK},[] 
 []

(./method.tex [8] [9] [10] [11] [12]
Overfull \hbox (6.55928pt too wide) in paragraph at lines 174--176
[]\T1/ptm/m/n/12 with the \T1/pcr/m/n/12 "ppred" \T1/ptm/m/n/12 method, pop-u-l
a-tion pre-dic-tions are com-puted us-ing the sim-u-lated datasets
 []

[13]
File: figs/imputation.eps Graphic file (type eps)
 <figs/imputation.eps> [14] [15] [16] [17] [18] [19]) [20] (./package.tex
[21

] [22]
Overfull \hbox (2.35904pt too wide) in paragraph at lines 93--96
\T1/ptm/m/n/12 Alternatively, one or both file-names for the ob-served and sim-
u-lated data can be re-placed by a dataframe
 []


Underfull \hbox (badness 1205) in paragraph at lines 107--108
[]|\T1/ptm/m/n/12 number of the col-umn in-di-cat-ing cen-sor-ing
 []


Underfull \hbox (badness 2245) in paragraph at lines 114--115
[]|\T1/ptm/m/n/12 whether pre-dic-tion dis-crep-an-cies should be
 []


LaTeX Warning: Float too large for page by 19.4095pt on input line 118.


LaTeX Warning: `!h' float specifier changed to `!ht'.

[23] [24] [25

]
Overfull \hbox (220.10085pt too wide) in paragraph at lines 176--176
[]\T1/pcr/m/n/12 subject xx because the Cholesky decomposition of the covarianc
e matrix of the simulated data could not be obtained.[] 
 []

[26]
Overfull \hbox (177.26099pt too wide) in paragraph at lines 181--181
[]\T1/pcr/m/n/12 that the covariance matrix is not positive-definite. This can 
be caused by simulations widely different from[] 
 []


Overfull \hbox (201.7409pt too wide) in paragraph at lines 181--181
[]\T1/pcr/m/n/12 observations (in other words, a poor model). We suggest to plo
t a prediction interval from the simulated data to[] 
 []


Overfull \hbox (201.7409pt too wide) in paragraph at lines 181--181
[]\T1/pcr/m/n/12 check whether the simulations are reasonable, and to consider 
prediction discrepancies. Prediction discrepancies[] 
 []

[27] [28] [29]
Overfull \hbox (112.31442pt too wide) in paragraph at lines 272--276
\T1/ptm/m/n/12 lected from a range equal to \T1/pcr/m/n/12 vpc.bin $\OMS/pzccm/
m/n/12 ^^F\OT1/ptmcm/m/n/12 5$\T1/ptm/m/n/12 , but a mes-sage such as: '[][]\T1
/pcr/m/n/12 In map(out$z) : no assignment to 2,4,8,11[]\T1/ptm/m/n/12 '
 []

[30] [31]) (./examples_3.0.tex
File: /home/eco/work/npde/npde30/latexDoc/figsDev/doc_theodata_gg.eps Graphic f
ile (type eps)

</home/eco/work/npde/npde30/latexDoc/figsDev/doc_theodata_gg.eps>

LaTeX Warning: `!h' float specifier changed to `!ht'.

[32


] [33]

Package hyperref Warning: Token not allowed in a PDF string (PDFDocEncoding):
(hyperref)                removing `math shift' on input line 91.


Package hyperref Warning: Token not allowed in a PDF string (PDFDocEncoding):
(hyperref)                removing `math shift' on input line 91.


Underfull \hbox (badness 10000) in paragraph at lines 97--140

 []

[34] [35] [36] [37]
File: /home/eco/work/npde/npde30/latexDoc/figsDev/doc_theodefault_gg.eps Graphi
c file (type eps)

</home/eco/work/npde/npde30/latexDoc/figsDev/doc_theodefault_gg.eps> [38]
File: /home/eco/work/npde/npde30/latexDoc/figsDev/doc_theovpc_gg.eps Graphic fi
le (type eps)

</home/eco/work/npde/npde30/latexDoc/figsDev/doc_theovpc_gg.eps> [39] [40]
[41

] [42]
Overfull \hbox (31.57889pt too wide) in paragraph at lines 397--398
 []\T1/ptm/b/n/12 Data:[] \T1/ptm/m/n/12 Fig-ure [][][][][][] shows a plot of t
he data for the dataset with the high-est level of cen-sor-ing (LOQ=50 cp/mL),
 []

File: /home/eco/work/npde/npde30/latexDoc/figsDev/doc_data50_gg.eps Graphic fil
e (type eps)
</home/eco/work/npde/npde30/latexDoc/figsDev/doc_data50_gg.eps>
Overfull \hbox (379.22032pt too wide) in paragraph at lines 415--415
[]\T1/pcr/m/n/12 x1<-plot(x50, plot.type="data", xlab="Time (hr)", ylab="log(Vi
ral load) (cp/mL)", line.loq=TRUE, ylim=c(0,6.5), main="LOQ imupted using cdf")
[] 
 []

[43]
Overfull \hbox (477.14pt too wide) in paragraph at lines 415--415
[]\T1/pcr/m/n/12 x2<-plot(x50, plot.type="data", xlab="Time (hr)", ylab="log(Vi
ral load) (cp/mL)", plot.loq=FALSE, line.loq=TRUE, ylim=c(0,6.5), main="LOQ rem
oved from plot")[] 
 []


Overfull \hbox (575.05968pt too wide) in paragraph at lines 415--415
[]\T1/pcr/m/n/12 x3<-plot(x50, plot.type="data", xlab="Time (hr)", ylab="log(Vi
ral load) (cp/mL)", impute.loq=FALSE, line.loq=TRUE, ylim=c(0,6.5), main="LOQ a
s in dataset before imputation")[] 
 []


Overfull \hbox (507.7399pt too wide) in paragraph at lines 415--415
[]\T1/pcr/m/n/12 x4<-plot(x50.ipred, plot.type="data", xlab="Time (hr)", ylab="
log(Viral load) (cp/mL)", line.loq=TRUE, ylim=c(0,6.5), main="LOQ imputed to in
dividual prediction")[] 
 []

File: /home/eco/work/npde/npde30/latexDoc/figsDev/x50_cdf_gg.eps Graphic file (
type eps)
</home/eco/work/npde/npde30/latexDoc/figsDev/x50_cdf_gg.eps>
File: /home/eco/work/npde/npde30/latexDoc/figsDev/x50_omit_gg.eps Graphic file 
(type eps)

</home/eco/work/npde/npde30/latexDoc/figsDev/x50_omit_gg.eps>

LaTeX Warning: `!h' float specifier changed to `!ht'.

File: /home/eco/work/npde/npde30/latexDoc/figsDev/x50_ipred_gg.eps Graphic file
 (type eps)
</home/eco/work/npde/npde30/latexDoc/figsDev/x50_ipred_gg.eps>

LaTeX Warning: `!h' float specifier changed to `!ht'.

[44]

LaTeX Warning: Text page 45 contains only floats.

[45]
File: /home/eco/work/npde/npde30/latexDoc/figsDev/x50_ppred_gg.eps Graphic file
 (type eps)
 </home/eco/work/npde/npde30/latexDoc/figsDev/x50_ppred_gg.eps>
File: /home/eco/work/npde/npde30/latexDoc/figsDev/userwaffle_vpc.eps Graphic fi
le (type eps)

</home/eco/work/npde/npde30/latexDoc/figsDev/userwaffle_vpc.eps>

LaTeX Warning: `!h' float specifier changed to `!ht'.

[46

] [47]
File: /home/eco/work/npde/npde30/latexDoc/figsDev/virload_ploq_gg.eps Graphic f
ile (type eps)
 </home/eco/work/npde/npde30/latexDoc/figsDev/virload_ploq_gg.eps>
[48

]
File: /home/eco/work/npde/npde30/latexDoc/figsDev/userwaffle_xscatter.eps Graph
ic file (type eps)
 </home/eco/work/npde/npde30/latexDoc/figsDev/userwaffle_xscatter.eps>
[49

]
File: /home/eco/work/npde/npde30/latexDoc/figsDev/doc_warfarin_data.eps Graphic
 file (type eps)
 </home/eco/work/npde/npde30/latexDoc/figsDev/doc_warfarin_data.eps>
[50

]
File: /home/eco/work/npde/npde30/latexDoc/figsDev/doc_warfarin_basewaffle.eps G
raphic file (type eps)
 </home/eco/work/npde/npde30/latexDoc/figsDev/doc_warfarin_basewaffle.eps>

LaTeX Warning: `!h' float specifier changed to `!ht'.

File: /home/eco/work/npde/npde30/latexDoc/figsDev/doc_warfarin_covwaffle.eps Gr
aphic file (type eps)
</home/eco/work/npde/npde30/latexDoc/figsDev/doc_warfarin_covwaffle.eps>

LaTeX Warning: `!h' float specifier changed to `!ht'.

[51]

LaTeX Warning: Text page 52 contains only floats.

[52]
File: /home/eco/work/npde/npde30/latexDoc/figsDev/doc_warfarin_CovSplitWt.eps G
raphic file (type eps)
 </home/eco/work/npde/npde30/latexDoc/figsDev/doc_warfarin_CovSplitWt.eps>
Overfull \hbox (42.62143pt too wide) in paragraph at lines 600--600
[]\T1/pcr/m/n/12 wbase<-autonpde(namobs=warfarin,namsim=simwarfarinBase, iid=1,
ix=2,iy=4,icov=c(3,6:8),[] 
 []


Overfull \hbox (42.62143pt too wide) in paragraph at lines 600--600
[]\T1/pcr/m/n/12 wbase<-autonpde(namobs=warfarin,namsim=simwarfarinBase, iid=1,
ix=2,iy=4,icov=c(3,6:8),[] 
 []

File: /home/eco/work/npde/npde30/latexDoc/figsDev/doc_warfarin_boxCovWt.eps Gra
phic file (type eps)
</home/eco/work/npde/npde30/latexDoc/figsDev/doc_warfarin_boxCovWt.eps>

LaTeX Warning: `!h' float specifier changed to `!ht'.

[53]
File: /home/eco/work/npde/npde30/latexDoc/figsDev/doc_warfarin_refprofile.eps G
raphic file (type eps)
 </home/eco/work/npde/npde30/latexDoc/figsDev/doc_warfarin_refprofile.eps>

LaTeX Warning: `!h' float specifier changed to `!ht'.

) [54] [55] (./options.tex
Overfull \hbox (136.0282pt too wide) in paragraph at lines 38--39
\T1/ptm/m/n/12 For in-stance, [] []\T1/pcr/m/n/12 plot(x,plot.type="cov.x.scatt
er") []\T1/ptm/m/n/12 is equiv-a-lent to [] []\T1/pcr/m/n/12 plot(x,plot.type="
x.scatter",covsplit=TRUE)[]\T1/ptm/m/n/12 . 
 []

[56

]
Overfull \hbox (122.18117pt too wide) in paragraph at lines 65--65
[]\T1/pcr/m/n/12 plot(x, plot.type="x.scatter", bin.method="optimal", main="Opt
imal binning method for scatterplot")[] 
 []

[57] [58]
Underfull \hbox (badness 10000) in paragraph at lines 140--140
[]|\T1/ptm/m/n/12 Vector of breaks used with user-defined breaks
 []


LaTeX Warning: `!h' float specifier changed to `!ht'.


LaTeX Warning: `!h' float specifier changed to `!ht'.

[59

] [60] [61]

LaTeX Warning: Float too large for page by 12.40945pt on input line 227.


LaTeX Warning: `!h' float specifier changed to `!ht'.

) [62] (./userguide_3_3.bbl [63


] [64]) (./appendix.tex [65] [66] [67] [68]
Overfull \hbox (7.73676pt too wide) in paragraph at lines 132--132
[] \T1/pcr/m/n/10.95 **********************************************************
*****************************[] 
 []


Overfull \hbox (7.73676pt too wide) in paragraph at lines 132--132
[] \T1/pcr/m/n/10.95 **********                                                
                    *********[] 
 []


Overfull \hbox (7.73676pt too wide) in paragraph at lines 132--132
[] \T1/pcr/m/n/10.95 **********               MINIMUM VALUE OF OBJECTIVE FUNCTI
ON                  *********[] 
 []


Overfull \hbox (7.73676pt too wide) in paragraph at lines 132--132
[] \T1/pcr/m/n/10.95 **********                                                
                    *********[] 
 []


Overfull \hbox (7.73676pt too wide) in paragraph at lines 132--132
[] \T1/pcr/m/n/10.95 **********************************************************
*****************************[] 
 []


Overfull \hbox (7.73676pt too wide) in paragraph at lines 132--132
[] \T1/pcr/m/n/10.95 ***************************         86.664     ***********
*****************************[] 
 []


Overfull \hbox (7.73676pt too wide) in paragraph at lines 132--132
[] \T1/pcr/m/n/10.95 **********************************************************
*****************************[] 
 []


Overfull \hbox (7.73676pt too wide) in paragraph at lines 132--132
[] \T1/pcr/m/n/10.95 **********                                                
                    *********[] 
 []


Overfull \hbox (7.73676pt too wide) in paragraph at lines 132--132
[] \T1/pcr/m/n/10.95 **********                     FINAL PARAMETER ESTIMATE   
                   **********[] 
 []


Overfull \hbox (7.73676pt too wide) in paragraph at lines 132--132
[] \T1/pcr/m/n/10.95 **********                                                
                    *********[] 
 []


Overfull \hbox (7.73676pt too wide) in paragraph at lines 132--132
[] \T1/pcr/m/n/10.95 **********************************************************
*****************************[] 
 []

[69] [70] [71]
Underfull \hbox (badness 10000) in paragraph at lines 213--216

 []

)
Package atveryend Info: Empty hook `BeforeClearDocument' on input line 279.
 [72]
Package atveryend Info: Empty hook `AfterLastShipout' on input line 279.
 (./userguide_3_3.aux)
Package atveryend Info: Empty hook `AtVeryEndDocument' on input line 279.
Package atveryend Info: Executing hook `AtEndAfterFileList' on input line 279.
Package rerunfilecheck Info: File `userguide_3_3.out' has not changed.
(rerunfilecheck)             Checksum: 313FE54960D6221794DEAF053B74B229;4555.
Package atveryend Info: Empty hook `AtVeryVeryEnd' on input line 279.
 ) 
Here is how much of TeX's memory you used:
 7122 strings out of 481240
 105595 string characters out of 5920404
 380789 words of memory out of 5000000
 22197 multiletter control sequences out of 15000+600000
 574327 words of font info for 69 fonts, out of 8000000 for 9000
 1141 hyphenation exceptions out of 8191
 38i,16n,49p,831b,499s stack positions out of 5000i,500n,10000p,200000b,80000s

Output written on userguide_3_3.dvi (72 pages, 302308 bytes).
