\BOOKMARK [1][-]{section.1}{Installation and Legalese}{}% 1
\BOOKMARK [2][-]{subsection.1.1}{Download and installation}{section.1}% 2
\BOOKMARK [2][-]{subsection.1.2}{License}{section.1}% 3
\BOOKMARK [2][-]{subsection.1.3}{Citing npde}{section.1}% 4
\BOOKMARK [1][-]{section.2}{Statistical methods}{}% 5
\BOOKMARK [2][-]{subsection.2.1}{Models and notations}{section.2}% 6
\BOOKMARK [2][-]{subsection.2.2}{Computing pde and npde in the absence of BQL data}{section.2}% 7
\BOOKMARK [3][-]{subsubsection.2.2.1}{Prediction discrepancies \(pd\)}{subsection.2.2}% 8
\BOOKMARK [3][-]{subsubsection.2.2.2}{Prediction distribution errors \(pde\)}{subsection.2.2}% 9
\BOOKMARK [3][-]{subsubsection.2.2.3}{Decorrelating the data to obtain pde}{subsection.2.2}% 10
\BOOKMARK [2][-]{subsection.2.3}{Handling BQL data}{section.2}% 11
\BOOKMARK [2][-]{subsection.2.4}{Tests}{section.2}% 12
\BOOKMARK [3][-]{subsubsection.2.4.1}{Tests on the distribution of npde}{subsection.2.4}% 13
\BOOKMARK [3][-]{subsubsection.2.4.2}{Tests for covariate models}{subsection.2.4}% 14
\BOOKMARK [2][-]{subsection.2.5}{Graphs}{section.2}% 15
\BOOKMARK [3][-]{subsubsection.2.5.1}{Diagnostic graphs}{subsection.2.5}% 16
\BOOKMARK [3][-]{subsubsection.2.5.2}{Graphs for covariate models}{subsection.2.5}% 17
\BOOKMARK [3][-]{subsubsection.2.5.3}{VPC}{subsection.2.5}% 18
\BOOKMARK [3][-]{subsubsection.2.5.4}{Graphs with a reference profile}{subsection.2.5}% 19
\BOOKMARK [1][-]{section.3}{The npde package}{}% 20
\BOOKMARK [2][-]{subsection.3.1}{Preparation of the input}{section.3}% 21
\BOOKMARK [3][-]{subsubsection.3.1.1}{Observed data}{subsection.3.1}% 22
\BOOKMARK [3][-]{subsubsection.3.1.2}{Simulated data}{subsection.3.1}% 23
\BOOKMARK [3][-]{subsubsection.3.1.3}{Number of simulations}{subsection.3.1}% 24
\BOOKMARK [2][-]{subsection.3.2}{Execution}{section.3}% 25
\BOOKMARK [3][-]{subsubsection.3.2.1}{Interactive execution}{subsection.3.2}% 26
\BOOKMARK [3][-]{subsubsection.3.2.2}{Non-interactive execution}{subsection.3.2}% 27
\BOOKMARK [2][-]{subsection.3.3}{Results}{section.3}% 28
\BOOKMARK [3][-]{subsubsection.3.3.1}{Value}{subsection.3.3}% 29
\BOOKMARK [3][-]{subsubsection.3.3.2}{Graphs}{subsection.3.3}% 30
\BOOKMARK [2][-]{subsection.3.4}{Errors during execution}{section.3}% 31
\BOOKMARK [2][-]{subsection.3.5}{Functions in the npde package}{section.3}% 32
\BOOKMARK [2][-]{subsection.3.6}{Options for graphs}{section.3}% 33
\BOOKMARK [1][-]{section.4}{Examples}{}% 34
\BOOKMARK [2][-]{subsection.4.1}{Model evaluation for theophylline PK}{section.4}% 35
\BOOKMARK [3][-]{subsubsection.4.1.1}{Data}{subsection.4.1}% 36
\BOOKMARK [3][-]{subsubsection.4.1.2}{Model}{subsection.4.1}% 37
\BOOKMARK [3][-]{subsubsection.4.1.3}{Simulations}{subsection.4.1}% 38
\BOOKMARK [3][-]{subsubsection.4.1.4}{Computing npde}{subsection.4.1}% 39
\BOOKMARK [3][-]{subsubsection.4.1.5}{Graphs}{subsection.4.1}% 40
\BOOKMARK [3][-]{subsubsection.4.1.6}{Tests}{subsection.4.1}% 41
\BOOKMARK [2][-]{subsection.4.2}{Model evaluation for viral loads in HIV \(with BQL data\)}{section.4}% 42
\BOOKMARK [3][-]{subsubsection.4.2.1}{Data}{subsection.4.2}% 43
\BOOKMARK [3][-]{subsubsection.4.2.2}{Model and parameters for simulation}{subsection.4.2}% 44
\BOOKMARK [3][-]{subsubsection.4.2.3}{Computing npde in the presence of BQL data}{subsection.4.2}% 45
\BOOKMARK [3][-]{subsubsection.4.2.4}{Graphs}{subsection.4.2}% 46
\BOOKMARK [2][-]{subsection.4.3}{Model evaluation for warfarin PK}{section.4}% 47
\BOOKMARK [3][-]{subsubsection.4.3.1}{Data}{subsection.4.3}% 48
\BOOKMARK [3][-]{subsubsection.4.3.2}{Default plots}{subsection.4.3}% 49
\BOOKMARK [3][-]{subsubsection.4.3.3}{Covariate model}{subsection.4.3}% 50
\BOOKMARK [3][-]{subsubsection.4.3.4}{Reference profile}{subsection.4.3}% 51
\BOOKMARK [1][-]{section.5}{Graph options}{}% 52
\BOOKMARK [2][-]{subsection.5.1}{Types of graphs}{section.5}% 53
\BOOKMARK [2][-]{subsection.5.2}{Options for graphs}{section.5}% 54
\BOOKMARK [1][-]{subsection.5.2}{References}{}% 55
\BOOKMARK [1][-]{section*.20}{Appendix - Theophylline example}{}% 56
\BOOKMARK [2][-]{section*.21}{R commands}{section*.20}% 57
\BOOKMARK [2][-]{section*.22}{Data}{section*.20}% 58
\BOOKMARK [2][-]{section*.23}{Control file used for the NONMEM analysis}{section*.20}% 59
\BOOKMARK [2][-]{section*.24}{Results obtained with NONMEM}{section*.20}% 60
\BOOKMARK [2][-]{section*.25}{NONMEM control file used for the simulations}{section*.20}% 61
\BOOKMARK [2][-]{section*.26}{Simulated data}{section*.20}% 62
\BOOKMARK [2][-]{section*.27}{Saved results}{section*.20}% 63
